2023-10-27 14:47:33,652 [INFO] Activator:177 - 


2023-10-27 14:47:33,652 [INFO] Activator:178 - !SESSION log4j initialized
2023-10-27 14:48:56,700 [INFO] McuFinderGlobals:39 - Set McuFinder mode to 2 (CubeIDE integrated)
2023-10-27 14:48:57,131 [INFO] ApplicationProperties:181 - Using Application install path: C:\ST\STM32CubeIDE_1.7.0\STM32CubeIDE\plugins\com.st.stm32cube.common.mx_6.3.0.202107141111
2023-10-27 14:48:57,145 [INFO] DbMcusXml:74 - Set database path to: C:\ST\STM32CubeIDE_1.7.0\STM32CubeIDE\plugins\com.st.stm32cube.common.mx_6.3.0.202107141111\\db\/mcu/
2023-10-27 14:48:57,149 [INFO] DbBoardsPdsc:56 - Set plugin database path to: C:\ST\STM32CubeIDE_1.7.0\STM32CubeIDE\plugins\com.st.stm32cube.common.mx_6.3.0.202107141111\\db\/plugins/boardmanager/
2023-10-27 14:48:58,881 [INFO] DbMcus:258 - Set plugin images path to: C:\ST\STM32CubeIDE_1.7.0\STM32CubeIDE\plugins\com.st.stm32cube.common.mx_6.3.0.202107141111\\db\/plugins/mcufinder/images/
2023-10-27 14:48:58,881 [INFO] DbBoards:264 - Set plugin images path to: C:\ST\STM32CubeIDE_1.7.0\STM32CubeIDE\plugins\com.st.stm32cube.common.mx_6.3.0.202107141111\\db\/plugins/mcufinder/images/
2023-10-27 14:48:58,886 [INFO] DbExamples:333 - Set plugin images path to: C:\ST\STM32CubeIDE_1.7.0\STM32CubeIDE\plugins\com.st.stm32cube.common.mx_6.3.0.202107141111\\db\/plugins/mcufinder/images/
2023-10-27 14:48:58,895 [INFO] DbMcusAds:119 - Set database path to: C:\Users\ASUS\.stmcufinder\plugins\mcufinder//mcu/
2023-10-27 14:48:58,896 [INFO] DbMcusDocs:110 - Set database path to: C:\Users\ASUS\.stmcufinder\plugins\mcufinder//mcu/
2023-10-27 14:48:58,898 [INFO] DbMcusJson:64 - Set database path to: C:\Users\ASUS\.stmcufinder\plugins\mcufinder//mcu/
2023-10-27 14:48:58,898 [INFO] DbBoardsDocs:110 - Set database path to: C:\Users\ASUS\.stmcufinder\plugins\mcufinder//mcu/
2023-10-27 14:48:58,900 [INFO] DbBoardsJson:57 - Set database path to: C:\Users\ASUS\.stmcufinder\plugins\mcufinder//mcu/
2023-10-27 14:48:58,911 [INFO] CrossReferenceDbSqlite:196 - Set database path to: C:\Users\ASUS\.stmcufinder\plugins\mcufinder//mcu/cs/
2023-10-27 14:48:58,914 [INFO] DbExamplesSqlite:767 - Set database path to: C:\Users\ASUS\.stmcufinder\plugins\mcufinder//mcu/
2023-10-27 14:48:59,011 [INFO] RulesReader:57 - Compatibility file has been processed (242 Rules)
2023-10-27 14:48:59,116 [INFO] DbMcusXml:74 - Set database path to: C:\ST\STM32CubeIDE_1.7.0\STM32CubeIDE\plugins\com.st.stm32cube.common.mx_6.3.0.202107141111\\db\/mcu/
2023-10-27 14:48:59,117 [INFO] DbBoardsPdsc:56 - Set plugin database path to: C:\ST\STM32CubeIDE_1.7.0\STM32CubeIDE\plugins\com.st.stm32cube.common.mx_6.3.0.202107141111\\db\/plugins/boardmanager/
2023-10-27 14:48:59,117 [INFO] DbMcus:258 - Set plugin images path to: C:\ST\STM32CubeIDE_1.7.0\STM32CubeIDE\plugins\com.st.stm32cube.common.mx_6.3.0.202107141111\\db\/plugins/mcufinder/images/
2023-10-27 14:48:59,118 [INFO] DbBoards:264 - Set plugin images path to: C:\ST\STM32CubeIDE_1.7.0\STM32CubeIDE\plugins\com.st.stm32cube.common.mx_6.3.0.202107141111\\db\/plugins/mcufinder/images/
2023-10-27 14:48:59,118 [INFO] DbExamples:333 - Set plugin images path to: C:\ST\STM32CubeIDE_1.7.0\STM32CubeIDE\plugins\com.st.stm32cube.common.mx_6.3.0.202107141111\\db\/plugins/mcufinder/images/
2023-10-27 14:48:59,118 [WARN] DbFile:35 - Overriding database path with different value: C:\Users\ASUS\.stmcufinder\plugins\mcufinder/ => C:\Users\ASUS\.stmcufinder\plugins\mcufinder
2023-10-27 14:48:59,118 [INFO] DbMcusAds:119 - Set database path to: C:\Users\ASUS\.stmcufinder\plugins\mcufinder//mcu/
2023-10-27 14:48:59,119 [WARN] DbFile:35 - Overriding database path with different value: C:\Users\ASUS\.stmcufinder\plugins\mcufinder/ => C:\Users\ASUS\.stmcufinder\plugins\mcufinder
2023-10-27 14:48:59,119 [INFO] DbMcusDocs:110 - Set database path to: C:\Users\ASUS\.stmcufinder\plugins\mcufinder//mcu/
2023-10-27 14:48:59,119 [WARN] DbFile:35 - Overriding database path with different value: C:\Users\ASUS\.stmcufinder\plugins\mcufinder/ => C:\Users\ASUS\.stmcufinder\plugins\mcufinder
2023-10-27 14:48:59,119 [INFO] DbMcusJson:64 - Set database path to: C:\Users\ASUS\.stmcufinder\plugins\mcufinder//mcu/
2023-10-27 14:48:59,119 [WARN] DbFile:35 - Overriding database path with different value: C:\Users\ASUS\.stmcufinder\plugins\mcufinder/ => C:\Users\ASUS\.stmcufinder\plugins\mcufinder
2023-10-27 14:48:59,119 [INFO] DbBoardsDocs:110 - Set database path to: C:\Users\ASUS\.stmcufinder\plugins\mcufinder//mcu/
2023-10-27 14:48:59,120 [WARN] DbFile:35 - Overriding database path with different value: C:\Users\ASUS\.stmcufinder\plugins\mcufinder/ => C:\Users\ASUS\.stmcufinder\plugins\mcufinder
2023-10-27 14:48:59,120 [INFO] DbBoardsJson:57 - Set database path to: C:\Users\ASUS\.stmcufinder\plugins\mcufinder//mcu/
2023-10-27 14:48:59,120 [WARN] DbFile:35 - Overriding database path with different value: C:\Users\ASUS\.stmcufinder\plugins\mcufinder/ => C:\Users\ASUS\.stmcufinder\plugins\mcufinder
2023-10-27 14:48:59,120 [WARN] DbFile:35 - Overriding database path with different value: C:\Users\ASUS\.stmcufinder\plugins\mcufinder/ => C:\Users\ASUS\.stmcufinder\plugins\mcufinder
2023-10-27 14:48:59,120 [INFO] CrossReferenceDbSqlite:196 - Set database path to: C:\Users\ASUS\.stmcufinder\plugins\mcufinder//mcu/cs/
2023-10-27 14:48:59,120 [WARN] DbFile:35 - Overriding database path with different value: C:\Users\ASUS\.stmcufinder\plugins\mcufinder/ => C:\Users\ASUS\.stmcufinder\plugins\mcufinder
2023-10-27 14:48:59,121 [INFO] DbExamplesSqlite:767 - Set database path to: C:\Users\ASUS\.stmcufinder\plugins\mcufinder//mcu/
2023-10-27 14:48:59,201 [INFO] MainPanel:214 - HeapMemory: 479199232
2023-10-27 14:48:59,294 [INFO] DbMcusXml:74 - Set database path to: C:\ST\STM32CubeIDE_1.7.0\STM32CubeIDE\plugins\com.st.stm32cube.common.mx_6.3.0.202107141111\\db\/mcu/
2023-10-27 14:48:59,294 [INFO] DbBoardsPdsc:56 - Set plugin database path to: C:\ST\STM32CubeIDE_1.7.0\STM32CubeIDE\plugins\com.st.stm32cube.common.mx_6.3.0.202107141111\\db\/plugins/boardmanager/
2023-10-27 14:48:59,294 [INFO] DbMcus:258 - Set plugin images path to: C:\ST\STM32CubeIDE_1.7.0\STM32CubeIDE\plugins\com.st.stm32cube.common.mx_6.3.0.202107141111\\db\/plugins/mcufinder/images/
2023-10-27 14:48:59,294 [INFO] DbBoards:264 - Set plugin images path to: C:\ST\STM32CubeIDE_1.7.0\STM32CubeIDE\plugins\com.st.stm32cube.common.mx_6.3.0.202107141111\\db\/plugins/mcufinder/images/
2023-10-27 14:48:59,294 [INFO] DbExamples:333 - Set plugin images path to: C:\ST\STM32CubeIDE_1.7.0\STM32CubeIDE\plugins\com.st.stm32cube.common.mx_6.3.0.202107141111\\db\/plugins/mcufinder/images/
2023-10-27 14:48:59,295 [WARN] DbFile:35 - Overriding database path with different value: C:\Users\ASUS\.stmcufinder\plugins\mcufinder/ => C:\Users\ASUS\.stmcufinder\plugins\mcufinder
2023-10-27 14:48:59,295 [INFO] DbMcusAds:119 - Set database path to: C:\Users\ASUS\.stmcufinder\plugins\mcufinder//mcu/
2023-10-27 14:48:59,295 [WARN] DbFile:35 - Overriding database path with different value: C:\Users\ASUS\.stmcufinder\plugins\mcufinder/ => C:\Users\ASUS\.stmcufinder\plugins\mcufinder
2023-10-27 14:48:59,295 [INFO] DbMcusDocs:110 - Set database path to: C:\Users\ASUS\.stmcufinder\plugins\mcufinder//mcu/
2023-10-27 14:48:59,295 [WARN] DbFile:35 - Overriding database path with different value: C:\Users\ASUS\.stmcufinder\plugins\mcufinder/ => C:\Users\ASUS\.stmcufinder\plugins\mcufinder
2023-10-27 14:48:59,295 [INFO] DbMcusJson:64 - Set database path to: C:\Users\ASUS\.stmcufinder\plugins\mcufinder//mcu/
2023-10-27 14:48:59,295 [WARN] DbFile:35 - Overriding database path with different value: C:\Users\ASUS\.stmcufinder\plugins\mcufinder/ => C:\Users\ASUS\.stmcufinder\plugins\mcufinder
2023-10-27 14:48:59,295 [INFO] DbBoardsDocs:110 - Set database path to: C:\Users\ASUS\.stmcufinder\plugins\mcufinder//mcu/
2023-10-27 14:48:59,296 [WARN] DbFile:35 - Overriding database path with different value: C:\Users\ASUS\.stmcufinder\plugins\mcufinder/ => C:\Users\ASUS\.stmcufinder\plugins\mcufinder
2023-10-27 14:48:59,296 [INFO] DbBoardsJson:57 - Set database path to: C:\Users\ASUS\.stmcufinder\plugins\mcufinder//mcu/
2023-10-27 14:48:59,296 [WARN] DbFile:35 - Overriding database path with different value: C:\Users\ASUS\.stmcufinder\plugins\mcufinder/ => C:\Users\ASUS\.stmcufinder\plugins\mcufinder
2023-10-27 14:48:59,296 [WARN] DbFile:35 - Overriding database path with different value: C:\Users\ASUS\.stmcufinder\plugins\mcufinder/ => C:\Users\ASUS\.stmcufinder\plugins\mcufinder
2023-10-27 14:48:59,296 [INFO] CrossReferenceDbSqlite:196 - Set database path to: C:\Users\ASUS\.stmcufinder\plugins\mcufinder//mcu/cs/
2023-10-27 14:48:59,296 [WARN] DbFile:35 - Overriding database path with different value: C:\Users\ASUS\.stmcufinder\plugins\mcufinder/ => C:\Users\ASUS\.stmcufinder\plugins\mcufinder
2023-10-27 14:48:59,296 [INFO] DbExamplesSqlite:767 - Set database path to: C:\Users\ASUS\.stmcufinder\plugins\mcufinder//mcu/
2023-10-27 14:48:59,314 [INFO] ApplicationProperties:181 - Using Application install path: C:\ST\STM32CubeIDE_1.7.0\STM32CubeIDE\plugins\com.st.stm32cube.common.mx_6.3.0.202107141111
2023-10-27 14:48:59,315 [INFO] PluginManage:188 - Search for loadable plugins [exclusion list=, ]
2023-10-27 14:48:59,316 [INFO] PluginManage:302 - Check plugin analytics
2023-10-27 14:48:59,476 [INFO] AnalyticsPlugin:257 - Accepted Software Licenses: 
2023-10-27 14:48:59,477 [INFO] AnalyticsPlugin:259 - Accepted CMSIS Pack Licenses: 
2023-10-27 14:48:59,477 [INFO] AnalyticsPlugin:261 - Accepted Firmware Licenses: 
2023-10-27 14:48:59,478 [INFO] PluginManage:352 - Loaded plugin analytics (category:tool,tabindex:-1)
2023-10-27 14:48:59,478 [INFO] PluginManage:302 - Check plugin clock
2023-10-27 14:48:59,503 [INFO] PluginManage:352 - Loaded plugin clock (category:base,tabindex:2)
2023-10-27 14:48:59,503 [INFO] PluginManage:302 - Check plugin ddr
2023-10-27 14:48:59,505 [INFO] PluginManage:352 - Loaded plugin ddr (category:tool,tabindex:6)
2023-10-27 14:48:59,505 [INFO] PluginManage:302 - Check plugin filemanager
2023-10-27 14:48:59,711 [INFO] PluginManage:352 - Loaded plugin filemanager (category:base,tabindex:10)
2023-10-27 14:48:59,711 [INFO] PluginManage:302 - Check plugin ipmanager
2023-10-27 14:48:59,719 [INFO] PluginManage:352 - Loaded plugin ipmanager (category:base,tabindex:5)
2023-10-27 14:48:59,743 [INFO] PluginManage:302 - Check plugin pinoutandconfiguration
2023-10-27 14:48:59,761 [INFO] PluginManage:352 - Loaded plugin pinoutandconfiguration (category:base,tabindex:1)
2023-10-27 14:48:59,761 [INFO] PluginManage:302 - Check plugin pinoutconfig
2023-10-27 14:48:59,808 [INFO] PluginManage:352 - Loaded plugin pinoutconfig (category:base,tabindex:0)
2023-10-27 14:48:59,809 [INFO] PluginManage:302 - Check plugin power
2023-10-27 14:48:59,829 [INFO] PluginManage:352 - Loaded plugin power (category:power,tabindex:4)
2023-10-27 14:48:59,829 [INFO] PluginManage:302 - Check plugin projectmanager
2023-10-27 14:48:59,847 [INFO] PluginManage:352 - Loaded plugin projectmanager (category:projectmanager,tabindex:3)
2023-10-27 14:48:59,848 [INFO] PluginManage:302 - Check plugin thirdparty
2023-10-27 14:49:00,058 [WARN] IntegrityCheckThread:78 - waiting for thirdparty lock release [integrity check]
2023-10-27 14:49:00,060 [INFO] PluginManage:352 - Loaded plugin thirdparty (category:base,tabindex:-1)
2023-10-27 14:49:00,060 [INFO] IntegrityCheckThread:80 - entering critical section [integrity check]
2023-10-27 14:49:00,060 [INFO] PluginManage:302 - Check plugin tools
2023-10-27 14:49:00,060 [INFO] ThirdPartyUpdaterWithRetryManager:66 - Updater plugin not ready yet. [1/15]
2023-10-27 14:49:00,112 [INFO] PluginManage:352 - Loaded plugin tools (category:base,tabindex:7)
2023-10-27 14:49:00,112 [INFO] PluginManage:302 - Check plugin tutovideos
2023-10-27 14:49:00,333 [INFO] PluginManage:352 - Loaded plugin tutovideos (category:base,tabindex:-1)
2023-10-27 14:49:00,333 [INFO] PluginManage:302 - Check plugin updater
2023-10-27 14:49:00,348 [INFO] PluginManage:352 - Loaded plugin updater (category:base,tabindex:12)
2023-10-27 14:49:00,349 [INFO] PluginManage:275 - PluginManage : Loaded plugins [13]
2023-10-27 14:49:00,541 [INFO] PinOutPanel:1463 - setPackage(No Configuration,No Configuration)
2023-10-27 14:49:00,646 [INFO] IPUIPlugin:74 - create IPUIPlugin
2023-10-27 14:49:00,647 [INFO] PluginManager:213 - loadIPPluginJar : add adc
2023-10-27 14:49:00,684 [INFO] IPUIPlugin:74 - create IPUIPlugin
2023-10-27 14:49:00,684 [INFO] PluginManager:213 - loadIPPluginJar : add aes
2023-10-27 14:49:00,730 [INFO] IPUIPlugin:74 - create IPUIPlugin
2023-10-27 14:49:00,730 [INFO] PluginManager:213 - loadIPPluginJar : add can
2023-10-27 14:49:00,758 [INFO] IPUIPlugin:74 - create IPUIPlugin
2023-10-27 14:49:00,758 [INFO] PluginManager:213 - loadIPPluginJar : add comp
2023-10-27 14:49:00,791 [INFO] IPUIPlugin:74 - create IPUIPlugin
2023-10-27 14:49:00,791 [INFO] PluginManager:213 - loadIPPluginJar : add cryp
2023-10-27 14:49:00,824 [INFO] IPUIPlugin:74 - create IPUIPlugin
2023-10-27 14:49:00,824 [INFO] PluginManager:213 - loadIPPluginJar : add dfsdm
2023-10-27 14:49:00,836 [INFO] IPUIPlugin:74 - create IPUIPlugin
2023-10-27 14:49:00,837 [INFO] PluginManager:213 - loadIPPluginJar : add dma
2023-10-27 14:49:00,879 [INFO] IPUIPlugin:74 - create IPUIPlugin
2023-10-27 14:49:00,880 [INFO] PluginManager:213 - loadIPPluginJar : add dma3
2023-10-27 14:49:00,905 [INFO] IPUIPlugin:74 - create IPUIPlugin
2023-10-27 14:49:00,905 [INFO] PluginManager:213 - loadIPPluginJar : add fatfs
2023-10-27 14:49:00,964 [INFO] IPUIPlugin:74 - create IPUIPlugin
2023-10-27 14:49:00,965 [INFO] PluginManager:213 - loadIPPluginJar : add fmc
2023-10-27 14:49:00,981 [INFO] IPUIPlugin:74 - create IPUIPlugin
2023-10-27 14:49:00,981 [INFO] PluginManager:213 - loadIPPluginJar : add freertos
2023-10-27 14:49:01,010 [INFO] IPUIPlugin:74 - create IPUIPlugin
2023-10-27 14:49:01,010 [INFO] PluginManager:213 - loadIPPluginJar : add genericplugin
2023-10-27 14:49:01,106 [INFO] IPUIPlugin:74 - create IPUIPlugin
2023-10-27 14:49:01,106 [INFO] PluginManager:213 - loadIPPluginJar : add gfxmmu
2023-10-27 14:49:01,236 [INFO] IPUIPlugin:74 - create IPUIPlugin
2023-10-27 14:49:01,236 [INFO] PluginManager:213 - loadIPPluginJar : add gic
2023-10-27 14:49:01,250 [INFO] IPUIPlugin:74 - create IPUIPlugin
2023-10-27 14:49:01,250 [INFO] PluginManager:213 - loadIPPluginJar : add gpio
2023-10-27 14:49:01,322 [INFO] IPUIPlugin:74 - create IPUIPlugin
2023-10-27 14:49:01,323 [INFO] PluginManager:213 - loadIPPluginJar : add gtzc
2023-10-27 14:49:01,356 [INFO] IPUIPlugin:74 - create IPUIPlugin
2023-10-27 14:49:01,357 [INFO] PluginManager:213 - loadIPPluginJar : add hash
2023-10-27 14:49:01,425 [INFO] IPUIPlugin:74 - create IPUIPlugin
2023-10-27 14:49:01,425 [INFO] PluginManager:213 - loadIPPluginJar : add i2c
2023-10-27 14:49:01,485 [INFO] IPUIPlugin:74 - create IPUIPlugin
2023-10-27 14:49:01,486 [INFO] PluginManager:213 - loadIPPluginJar : add i2s
2023-10-27 14:49:01,497 [INFO] IPUIPlugin:74 - create IPUIPlugin
2023-10-27 14:49:01,497 [INFO] PluginManager:213 - loadIPPluginJar : add ipddr
2023-10-27 14:49:01,598 [INFO] IPUIPlugin:74 - create IPUIPlugin
2023-10-27 14:49:01,598 [INFO] PluginManager:213 - loadIPPluginJar : add linkedlist
2023-10-27 14:49:01,665 [INFO] IPUIPlugin:74 - create IPUIPlugin
2023-10-27 14:49:01,665 [INFO] PluginManager:213 - loadIPPluginJar : add lorawan
2023-10-27 14:49:01,711 [INFO] IPUIPlugin:74 - create IPUIPlugin
2023-10-27 14:49:01,712 [INFO] PluginManager:213 - loadIPPluginJar : add ltdc
2023-10-27 14:49:01,724 [INFO] IPUIPlugin:74 - create IPUIPlugin
2023-10-27 14:49:01,724 [INFO] PluginManager:213 - loadIPPluginJar : add mdma
2023-10-27 14:49:01,737 [INFO] IPUIPlugin:74 - create IPUIPlugin
2023-10-27 14:49:01,737 [INFO] PluginManager:213 - loadIPPluginJar : add nvic
2023-10-27 14:49:01,789 [INFO] IPUIPlugin:74 - create IPUIPlugin
2023-10-27 14:49:01,790 [INFO] PluginManager:213 - loadIPPluginJar : add opamp
2023-10-27 14:49:01,866 [INFO] IPUIPlugin:74 - create IPUIPlugin
2023-10-27 14:49:01,866 [INFO] PluginManager:213 - loadIPPluginJar : add openamp
2023-10-27 14:49:01,929 [INFO] IPUIPlugin:74 - create IPUIPlugin
2023-10-27 14:49:01,930 [INFO] PluginManager:213 - loadIPPluginJar : add pdm2pcm
2023-10-27 14:49:01,948 [INFO] IPUIPlugin:74 - create IPUIPlugin
2023-10-27 14:49:01,951 [INFO] PluginManager:213 - loadIPPluginJar : add plateformsettings
2023-10-27 14:49:01,982 [INFO] IPUIPlugin:74 - create IPUIPlugin
2023-10-27 14:49:01,982 [INFO] PluginManager:213 - loadIPPluginJar : add quadspi
2023-10-27 14:49:01,996 [INFO] IPUIPlugin:74 - create IPUIPlugin
2023-10-27 14:49:01,997 [INFO] PluginManager:213 - loadIPPluginJar : add resmgrutility
2023-10-27 14:49:02,060 [INFO] IPUIPlugin:74 - create IPUIPlugin
2023-10-27 14:49:02,060 [INFO] PluginManager:213 - loadIPPluginJar : add sai
2023-10-27 14:49:02,106 [INFO] IPUIPlugin:74 - create IPUIPlugin
2023-10-27 14:49:02,106 [INFO] PluginManager:213 - loadIPPluginJar : add spi
2023-10-27 14:49:02,176 [INFO] IPUIPlugin:74 - create IPUIPlugin
2023-10-27 14:49:02,176 [INFO] PluginManager:213 - loadIPPluginJar : add stm32_wpan
2023-10-27 14:49:02,206 [INFO] IPUIPlugin:74 - create IPUIPlugin
2023-10-27 14:49:02,206 [INFO] PluginManager:213 - loadIPPluginJar : add tim
2023-10-27 14:49:02,277 [INFO] IPUIPlugin:74 - create IPUIPlugin
2023-10-27 14:49:02,278 [INFO] PluginManager:213 - loadIPPluginJar : add touchsensing
2023-10-27 14:49:02,330 [INFO] IPUIPlugin:74 - create IPUIPlugin
2023-10-27 14:49:02,330 [INFO] PluginManager:213 - loadIPPluginJar : add tracer_emb
2023-10-27 14:49:02,365 [INFO] IPUIPlugin:74 - create IPUIPlugin
2023-10-27 14:49:02,365 [INFO] PluginManager:213 - loadIPPluginJar : add ts
2023-10-27 14:49:02,398 [INFO] IPUIPlugin:74 - create IPUIPlugin
2023-10-27 14:49:02,399 [INFO] PluginManager:213 - loadIPPluginJar : add tsc
2023-10-27 14:49:02,429 [INFO] IPUIPlugin:74 - create IPUIPlugin
2023-10-27 14:49:02,429 [INFO] PluginManager:213 - loadIPPluginJar : add ucpd
2023-10-27 14:49:02,484 [INFO] IPUIPlugin:74 - create IPUIPlugin
2023-10-27 14:49:02,484 [INFO] PluginManager:213 - loadIPPluginJar : add usart
2023-10-27 14:49:02,532 [INFO] IPUIPlugin:74 - create IPUIPlugin
2023-10-27 14:49:02,532 [INFO] PluginManager:213 - loadIPPluginJar : add usbx
2023-10-27 14:49:02,849 [FATAL] Updater:294 - Updater called before beeing initialized
2023-10-27 14:49:02,957 [FATAL] Updater:294 - Updater called before beeing initialized
2023-10-27 14:49:02,963 [INFO] DbMcusAds:47 - JSON generation date=Tue Mar 07 15:50:55 ICT 2023 (1678179055114)
2023-10-27 14:49:02,963 [FATAL] Updater:294 - Updater called before beeing initialized
2023-10-27 14:49:03,005 [WARN] DetailPanel:314 - Failed to get advertising image, set to default
2023-10-27 14:49:03,074 [INFO] ThirdPartyUpdaterWithRetryManager:66 - Updater plugin not ready yet. [2/15]
2023-10-27 14:49:03,115 [FATAL] Updater:294 - Updater called before beeing initialized
2023-10-27 14:49:03,119 [FATAL] Updater:294 - Updater called before beeing initialized
2023-10-27 14:49:03,119 [FATAL] Updater:294 - Updater called before beeing initialized
2023-10-27 14:49:03,119 [WARN] DetailPanel:314 - Failed to get advertising image, set to default
2023-10-27 14:49:03,120 [FATAL] Updater:294 - Updater called before beeing initialized
2023-10-27 14:49:03,180 [ERROR] Updater:1075 - MainUpdater not yet initialized. External WinMGr cannot be set.
2023-10-27 14:49:03,190 [INFO] Updater:1012 - Updater Version found : 6.3.0
2023-10-27 14:49:03,209 [INFO] ApplicationProperties:181 - Using Application install path: C:\ST\STM32CubeIDE_1.7.0\STM32CubeIDE\plugins\com.st.stm32cube.common.mx_6.3.0.202107141111
2023-10-27 14:49:03,450 [INFO] MainUpdater:2671 - connection check result : 10
2023-10-27 14:49:03,451 [INFO] MainUpdater:3359 - Updater definition file requires update
2023-10-27 14:49:03,452 [INFO] MainUpdater:265 - Updater Check For Update Now.
2023-10-27 14:49:03,452 [INFO] MicroXplorer:478 - Change Database Version : DB.6.0.30
2023-10-27 14:49:03,634 [INFO] ServerAccessManage:362 - Download File updaters.zip
2023-10-27 14:49:03,762 [INFO] FileExtend:235 - Unzip File : updaters.zip
2023-10-27 14:49:03,762 [INFO] FileExtend:250 - Standard Zip Deflate
2023-10-27 14:49:04,323 [INFO] ServerAccessManage:362 - Download File PacksControlFlags.xml
2023-10-27 14:49:04,526 [INFO] ServerAccessManage:362 - Download File cubemx.pidx
2023-10-27 14:49:05,165 [INFO] ServerAccessManage:362 - Download File STMicroelectronics.X-CUBE-EEPRMA1.pdsc
2023-10-27 14:49:06,082 [WARN] MainUpdater:1122 - Updater busy. Cannot search thirdparties
2023-10-27 14:49:06,082 [INFO] ThirdPartyUpdaterWithRetryManager:92 - Updater plugin is busy. [1/15]
2023-10-27 14:49:06,368 [ERROR] ServerAccessManage:974 - Problem, file not found on Server
2023-10-27 14:49:07,048 [INFO] ServerAccessManage:362 - Download File STMicroelectronics.X-CUBE-MEMS1.pdsc
2023-10-27 14:49:09,087 [WARN] MainUpdater:1122 - Updater busy. Cannot search thirdparties
2023-10-27 14:49:09,087 [INFO] ThirdPartyUpdaterWithRetryManager:92 - Updater plugin is busy. [2/15]
2023-10-27 14:49:11,959 [INFO] ServerAccessManage:362 - Download File STMicroelectronics.X-CUBE-TOUCHGFX.pdsc
2023-10-27 14:49:12,094 [WARN] MainUpdater:1122 - Updater busy. Cannot search thirdparties
2023-10-27 14:49:12,094 [INFO] ThirdPartyUpdaterWithRetryManager:92 - Updater plugin is busy. [3/15]
2023-10-27 14:49:14,598 [INFO] MainUpdater:2671 - connection check result : 10
2023-10-27 14:49:15,107 [WARN] MainUpdater:1122 - Updater busy. Cannot search thirdparties
2023-10-27 14:49:15,107 [INFO] ThirdPartyUpdaterWithRetryManager:92 - Updater plugin is busy. [4/15]
2023-10-27 14:49:16,125 [ERROR] ServerAccessManage:981 - Problem, Http access forbiden
2023-10-27 14:49:16,125 [ERROR] ServerAccessManage:531 - Problem, Http access forbiden : RoweBots.I-CUBE-UNISONRTOS.pdsc.
2023-10-27 14:49:17,058 [INFO] ServerAccessManage:362 - Download File ITTIA_DB.I-CUBE-ITTIADB.pdsc
2023-10-27 14:49:18,120 [WARN] MainUpdater:1122 - Updater busy. Cannot search thirdparties
2023-10-27 14:49:18,120 [INFO] ThirdPartyUpdaterWithRetryManager:92 - Updater plugin is busy. [5/15]
2023-10-27 14:49:21,125 [WARN] MainUpdater:1122 - Updater busy. Cannot search thirdparties
2023-10-27 14:49:21,125 [INFO] ThirdPartyUpdaterWithRetryManager:92 - Updater plugin is busy. [6/15]
2023-10-27 14:49:21,459 [INFO] ServerAccessManage:362 - Download File Infineon.AIROC-Wi-Fi-Bluetooth-STM32.pdsc
2023-10-27 14:49:23,638 [WARN] PackLoader:238 - Cannot read IP mode file for STMicroelectronics.X-CUBE-EEPRMA1.4.2.0
2023-10-27 14:49:23,689 [WARN] PackLoader:238 - Cannot read IP mode file for STMicroelectronics.X-CUBE-MEMS1.10.0.0
2023-10-27 14:49:23,761 [INFO] CheckServerUpdateThread:112 - End of CheckServer Thread
2023-10-27 14:49:23,854 [WARN] PackLoader:238 - Cannot read IP mode file for STMicroelectronics.X-CUBE-TOUCHGFX.4.22.1
2023-10-27 14:49:23,859 [WARN] PopulateThirdPartyThread:100 - Error when creating pack: C:/Users/ASUS/.stm32cubemx/thirdparties/pdsc/ITTIA_DB.I-CUBE-ITTIADB.pdsc
2023-10-27 14:49:23,859 [WARN] PopulateThirdPartyThread:100 - Error when creating pack: C:/Users/ASUS/.stm32cubemx/thirdparties/pdsc/Infineon.AIROC-Wi-Fi-Bluetooth-STM32.pdsc
2023-10-27 14:49:23,859 [INFO] PopulateThirdPartyThread:60 - Ending populate Thread
2023-10-27 14:49:23,859 [INFO] ThirdParty:967 - CMSIS Pack Vendor :STMicroelectronics X-CUBE-MEMS1 10.0.0
2023-10-27 14:49:23,859 [INFO] ThirdParty:967 - CMSIS Pack Vendor :STMicroelectronics X-CUBE-TOUCHGFX 4.22.1
2023-10-27 14:49:23,859 [INFO] ThirdParty:967 - CMSIS Pack Vendor :STMicroelectronics X-CUBE-EEPRMA1 4.2.0
2023-10-27 14:49:23,859 [INFO] LoadServerUpdatesThread:339 - End of LoadServerUpdate Thread
2023-10-27 14:49:23,872 [INFO] McuFinderGlobals:52 - Set McuFinderConnectedMode to true
2023-10-27 14:49:24,127 [WARN] MainUpdater:1122 - Updater busy. Cannot search thirdparties
2023-10-27 14:49:24,127 [INFO] ThirdPartyUpdaterWithRetryManager:92 - Updater plugin is busy. [7/15]
2023-10-27 14:49:24,258 [INFO] ServerAccessManage:362 - Download File mcusAds.json._tmp_
2023-10-27 14:49:24,368 [INFO] LoadUrlFilesThread:145 - End of LoadUrlFiles Thread
2023-10-27 14:49:25,112 [INFO] ServerAccessManage:362 - Download File mcusDocs.json._tmp_
2023-10-27 14:49:26,748 [INFO] LoadUrlFilesThread:145 - End of LoadUrlFiles Thread
2023-10-27 14:49:26,908 [INFO] ServerAccessManage:362 - Download File mcusFeaturesAndDescription.json._tmp_
2023-10-27 14:49:27,131 [WARN] MainUpdater:1122 - Updater busy. Cannot search thirdparties
2023-10-27 14:49:27,131 [INFO] ThirdPartyUpdaterWithRetryManager:92 - Updater plugin is busy. [8/15]
2023-10-27 14:49:30,140 [WARN] MainUpdater:1122 - Updater busy. Cannot search thirdparties
2023-10-27 14:49:30,140 [INFO] ThirdPartyUpdaterWithRetryManager:92 - Updater plugin is busy. [9/15]
2023-10-27 14:49:33,145 [WARN] MainUpdater:1122 - Updater busy. Cannot search thirdparties
2023-10-27 14:49:33,145 [INFO] ThirdPartyUpdaterWithRetryManager:92 - Updater plugin is busy. [10/15]
2023-10-27 14:49:36,153 [WARN] MainUpdater:1122 - Updater busy. Cannot search thirdparties
2023-10-27 14:49:36,153 [INFO] ThirdPartyUpdaterWithRetryManager:92 - Updater plugin is busy. [11/15]
2023-10-27 14:49:39,166 [WARN] MainUpdater:1122 - Updater busy. Cannot search thirdparties
2023-10-27 14:49:39,166 [INFO] ThirdPartyUpdaterWithRetryManager:92 - Updater plugin is busy. [12/15]
2023-10-27 14:49:42,167 [WARN] MainUpdater:1122 - Updater busy. Cannot search thirdparties
2023-10-27 14:49:42,167 [INFO] ThirdPartyUpdaterWithRetryManager:92 - Updater plugin is busy. [13/15]
2023-10-27 14:49:45,180 [WARN] MainUpdater:1122 - Updater busy. Cannot search thirdparties
2023-10-27 14:49:45,180 [INFO] ThirdPartyUpdaterWithRetryManager:92 - Updater plugin is busy. [14/15]
2023-10-27 14:49:48,187 [WARN] MainUpdater:1122 - Updater busy. Cannot search thirdparties
2023-10-27 14:49:48,187 [INFO] ThirdPartyUpdaterWithRetryManager:92 - Updater plugin is busy. [15/15]
2023-10-27 14:49:48,187 [ERROR] IntegrityCheckThread:124 - Cannot retrieve database content from updater: error -1
2023-10-27 14:49:48,187 [INFO] ThirdParty:915 - Integrity check success = false
2023-10-27 14:49:48,188 [INFO] IntegrityCheckThread:94 - exiting critical section [integrity check]
2023-10-27 14:49:48,188 [INFO] IntegrityCheckThread:97 - End integrity checks thread
2023-10-27 14:49:51,499 [INFO] LoadUrlFilesThread:145 - End of LoadUrlFiles Thread
2023-10-27 14:49:51,898 [INFO] ServerAccessManage:362 - Download File boardsDocs.json._tmp_
2023-10-27 14:49:52,278 [INFO] LoadUrlFilesThread:145 - End of LoadUrlFiles Thread
2023-10-27 14:49:52,418 [INFO] ServerAccessManage:362 - Download File boards.json._tmp_
2023-10-27 14:49:53,300 [INFO] LoadUrlFilesThread:145 - End of LoadUrlFiles Thread
2023-10-27 14:49:53,448 [INFO] ServerAccessManage:362 - Download File cube-finder-db.zip
2023-10-27 14:50:16,448 [INFO] FileExtend:235 - Unzip File : cube-finder-db.zip
2023-10-27 14:50:16,449 [INFO] FileExtend:250 - Standard Zip Deflate
2023-10-27 14:50:17,123 [INFO] LoadUrlFilesThread:145 - End of LoadUrlFiles Thread
2023-10-27 14:50:18,378 [INFO] ServerAccessManage:362 - Download File crdb.zip
2023-10-27 14:50:20,158 [INFO] FileExtend:235 - Unzip File : crdb.zip
2023-10-27 14:50:20,158 [INFO] FileExtend:250 - Standard Zip Deflate
2023-10-27 14:50:20,298 [INFO] LoadUrlFilesThread:145 - End of LoadUrlFiles Thread
2023-10-27 14:50:21,858 [INFO] ServerAccessManage:362 - Download File tutoVideoDB.zip
2023-10-27 14:50:21,878 [INFO] FileExtend:235 - Unzip File : tutoVideoDB.zip
2023-10-27 14:50:21,878 [INFO] FileExtend:250 - Standard Zip Deflate
2023-10-27 14:50:22,002 [INFO] LoadUrlFilesThread:145 - End of LoadUrlFiles Thread
2023-10-27 14:50:22,002 [INFO] DbMcusAds:47 - JSON generation date=Tue Mar 07 15:50:55 ICT 2023 (1678179055114)
2023-10-27 14:50:22,018 [INFO] DbMcusDocs:143 - JSON generation date=Tue Nov 16 23:17:54 ICT 2021 (1637079474)
2023-10-27 14:50:22,018 [INFO] DbMcusXml:100 - Load MCU database from C:\ST\STM32CubeIDE_1.7.0\STM32CubeIDE\plugins\com.st.stm32cube.common.mx_6.3.0.202107141111\\db\/mcu/families.xml
2023-10-27 14:50:22,798 [INFO] DbMcusJson:93 - JSON generation date=Tue Nov 16 23:17:54 ICT 2021 (1637079474)
2023-10-27 14:50:23,514 [INFO] DbMcus:175 - Found 1951 MCUs (1903 are supported by CubeMX, 1914 are visible in CubeMX)
2023-10-27 14:50:23,518 [INFO] ApiDb:251 - Load user favorites file C:\Users\ASUS/.stm32cubeide/favorites.mcus.txt: 0 item(s)
2023-10-27 14:50:23,518 [INFO] ApiDb:255 - User favorites MCUs=[]
2023-10-27 14:50:23,518 [INFO] DbMcus:187 - Set 0 / 0 favorites MCUs
2023-10-27 14:50:24,118 [INFO] DbMcusDocs:79 - Found 682 MCUs documents
2023-10-27 14:50:24,118 [INFO] ApiDb:276 - Save user favorites file C:\Users\ASUS/.stm32cubeide/favorites.mcus.txt: 0 item(s)
2023-10-27 14:50:24,118 [INFO] ApiDb:280 - User favorites MCUs=[]
2023-10-27 14:50:24,128 [INFO] DbMcusXml:100 - Load MCU database from C:\ST\STM32CubeIDE_1.7.0\STM32CubeIDE\plugins\com.st.stm32cube.common.mx_6.3.0.202107141111\\db\/mcu/families.xml
2023-10-27 14:50:24,818 [INFO] DbMcusJson:93 - JSON generation date=Tue Nov 16 23:17:54 ICT 2021 (1637079474)
2023-10-27 14:50:25,348 [INFO] DbMcus:175 - Found 1951 MCUs (1903 are supported by CubeMX, 1914 are visible in CubeMX)
2023-10-27 14:50:25,348 [INFO] ApiDb:251 - Load user favorites file C:\Users\ASUS/.stm32cubeide/favorites.mcus.txt: 0 item(s)
2023-10-27 14:50:25,348 [INFO] ApiDb:255 - User favorites MCUs=[]
2023-10-27 14:50:25,356 [INFO] DbMcus:187 - Set 0 / 0 favorites MCUs
2023-10-27 14:50:25,358 [INFO] DbBoardsDocs:143 - JSON generation date=Tue Nov 16 23:17:54 ICT 2021 (1637079474)
2023-10-27 14:50:25,378 [INFO] DbBoardsPdsc:90 - Found 25 items
2023-10-27 14:50:25,388 [INFO] DbBoardsPdsc:90 - Found 9 items
2023-10-27 14:50:25,403 [INFO] DbBoardsPdsc:90 - Found 33 items
2023-10-27 14:50:25,408 [INFO] DbBoardsPdsc:90 - Found 1 items
2023-10-27 14:50:25,428 [INFO] DbBoardsPdsc:90 - Found 48 items
2023-10-27 14:50:25,438 [INFO] DbBoardsPdsc:90 - Found 43 items
2023-10-27 14:50:25,451 [INFO] DbBoardsPdsc:90 - Found 2 items
2023-10-27 14:50:25,458 [INFO] DbBoardsPdsc:90 - Found 5 items
2023-10-27 14:50:25,458 [WARN] DbBoardsPdsc:254 - Board STM32H7B3I-DK: unknown feature type=Audio, name=, username=Audio stereo codec with Headphone Amp (CS42L51-CNZ), n=1
2023-10-27 14:50:25,458 [WARN] DbBoardsPdsc:254 - Board STM32H735G-DK: unknown feature type=Audio, name=, username=Audio stereo codec with Headphone Amp (WM8994ECS/R), n=1
2023-10-27 14:50:25,468 [WARN] DbBoardsPdsc:254 - Board STM32H7B3I-EVAL: unknown feature type=Audio, name=, username=Multi-Channel Audio Codec (CS42L51-CNZ), n=1
2023-10-27 14:50:25,468 [WARN] DbBoardsPdsc:254 - Board STM32H7B3I-EVAL: unknown feature type=Meter, name=, username=Power-metering and Temperature-monitoring with sigma-delta modulators, n=1
2023-10-27 14:50:25,468 [WARN] DbBoardsPdsc:254 - Board STM32H7B3I-EVAL: unknown feature type=Motor, name=, username=Motor Control, n=1
2023-10-27 14:50:25,468 [WARN] DbBoardsPdsc:254 - Board STM32U575I-EV: unknown feature type=joystick, name=, username=4-direction joystick with selection button, n=1
2023-10-27 14:50:25,498 [INFO] DbBoardsJson:86 - JSON generation date=Tue Nov 16 23:17:54 ICT 2021 (1637079474)
2023-10-27 14:50:25,503 [INFO] DbBoards:117 - Found 167 boards (163 are supported by CubeMX)
2023-10-27 14:50:25,503 [INFO] DbBoardsDocs:143 - JSON generation date=Tue Nov 16 23:17:54 ICT 2021 (1637079474)
2023-10-27 14:50:25,508 [INFO] DbBoardsDocs:79 - Found 209 boards documents
2023-10-27 14:50:25,508 [WARN] DbBoards:127 - board B-L475E-IOT01A2 has no document id list !
2023-10-27 14:50:25,508 [WARN] DbBoards:127 - board NUCLEO-H743ZI has no document id list !
2023-10-27 14:50:25,508 [WARN] DbBoards:127 - board NUCLEO-WL55JC2 has no document id list !
2023-10-27 14:50:25,508 [WARN] DbBoards:127 - board P-NUCLEO-WB55-Nucleo has no document id list !
2023-10-27 14:50:25,508 [WARN] DbBoards:127 - board P-NUCLEO-WB55-USBDongle has no document id list !
2023-10-27 14:50:25,508 [WARN] DbBoards:127 - board STEVAL-BFA001V1B has no document id list !
2023-10-27 14:50:25,508 [WARN] DbBoards:127 - board STEVAL-BFA001V2B has no document id list !
2023-10-27 14:50:25,508 [WARN] DbBoards:127 - board STEVAL-IDP005V1 has no document id list !
2023-10-27 14:50:25,508 [WARN] DbBoards:127 - board STEVAL-IDP005V2 has no document id list !
2023-10-27 14:50:25,508 [WARN] DbBoards:127 - board STEVAL-MKSBOX1V1 has no document id list !
2023-10-27 14:50:25,508 [WARN] DbBoards:127 - board STEVAL-STWINKT1 has no document id list !
2023-10-27 14:50:25,508 [WARN] DbBoards:127 - board STEVAL-STWINKT1B has no document id list !
2023-10-27 14:50:25,508 [WARN] DbBoards:127 - board STM32439I-EVAL2 has no document id list !
2023-10-27 14:50:25,508 [WARN] DbBoards:127 - board STM32F401C-DISCO has no document id list !
2023-10-27 14:50:25,508 [WARN] DbBoards:127 - board STM32F769I-DISC1 has no document id list !
2023-10-27 14:50:25,508 [WARN] DbBoards:127 - board STM32G474E-EVAL1 has no document id list !
2023-10-27 14:50:25,508 [WARN] DbBoards:127 - board STM32H743I-EVAL2 has no document id list !
2023-10-27 14:50:25,508 [WARN] DbBoards:127 - board STM32H747I-DISC1 has no document id list !
2023-10-27 14:50:25,508 [WARN] DbBoards:127 - board STM32H753I-EVAL2 has no document id list !
2023-10-27 14:50:25,508 [WARN] DbBoards:127 - board STM32L-DISCOVERY has no document id list !
2023-10-27 14:50:25,674 [ERROR] DbBoards:189 - Image file not found for board B-U585I-IOT02A: C:\ST\STM32CubeIDE_1.7.0\STM32CubeIDE\plugins\com.st.stm32cube.common.mx_6.3.0.202107141111\\db\/plugins/mcufinder/images/boards/B-U585I-IOT02A_small.jpg
2023-10-27 14:50:25,802 [ERROR] DbBoards:189 - Image file not found for board NUCLEO-F413ZH: C:\ST\STM32CubeIDE_1.7.0\STM32CubeIDE\plugins\com.st.stm32cube.common.mx_6.3.0.202107141111\\db\/plugins/mcufinder/images/boards/nucleo-f413zh_small.jpg
2023-10-27 14:50:26,018 [ERROR] DbBoards:189 - Image file not found for board NUCLEO-L552ZE-Q: C:\ST\STM32CubeIDE_1.7.0\STM32CubeIDE\plugins\com.st.stm32cube.common.mx_6.3.0.202107141111\\db\/plugins/mcufinder/images/boards/nucleo_l552ze_q_small.jpg
2023-10-27 14:50:26,018 [ERROR] DbBoards:189 - Image file not found for board NUCLEO-U575ZI-Q: C:\ST\STM32CubeIDE_1.7.0\STM32CubeIDE\plugins\com.st.stm32cube.common.mx_6.3.0.202107141111\\db\/plugins/mcufinder/images/boards/nucleo-u575zi-q_small.jpg
2023-10-27 14:50:26,018 [ERROR] DbBoards:189 - Image file not found for board NUCLEO-WB15CC: C:\ST\STM32CubeIDE_1.7.0\STM32CubeIDE\plugins\com.st.stm32cube.common.mx_6.3.0.202107141111\\db\/plugins/mcufinder/images/boards/nucleo-wb15cc_small.jpg
2023-10-27 14:50:26,018 [ERROR] DbBoards:189 - Image file not found for board NUCLEO-WB55RG: C:\ST\STM32CubeIDE_1.7.0\STM32CubeIDE\plugins\com.st.stm32cube.common.mx_6.3.0.202107141111\\db\/plugins/mcufinder/images/boards/nucleo-wb55rg_small.jpg
2023-10-27 14:50:27,238 [INFO] ApiDb:251 - Load user favorites file C:\Users\ASUS/.stm32cubeide/favorites.boards.txt: 0 item(s)
2023-10-27 14:50:27,238 [INFO] ApiDb:255 - User favorites Boards=[]
2023-10-27 14:50:27,238 [INFO] DbBoards:206 - Set 0 / 0 favorites Boards
2023-10-27 14:50:27,248 [INFO] DbBoardsDocs:79 - Found 418 boards documents
2023-10-27 14:50:27,248 [INFO] ApiDb:276 - Save user favorites file C:\Users\ASUS/.stm32cubeide/favorites.boards.txt: 0 item(s)
2023-10-27 14:50:27,248 [INFO] ApiDb:280 - User favorites Boards=[]
2023-10-27 14:50:27,252 [INFO] DbBoardsPdsc:90 - Found 25 items
2023-10-27 14:50:27,252 [INFO] DbBoardsPdsc:90 - Found 9 items
2023-10-27 14:50:27,252 [INFO] DbBoardsPdsc:90 - Found 33 items
2023-10-27 14:50:27,258 [INFO] DbBoardsPdsc:90 - Found 1 items
2023-10-27 14:50:27,259 [INFO] DbBoardsPdsc:90 - Found 48 items
2023-10-27 14:50:27,268 [INFO] DbBoardsPdsc:90 - Found 43 items
2023-10-27 14:50:27,268 [INFO] DbBoardsPdsc:90 - Found 2 items
2023-10-27 14:50:27,268 [INFO] DbBoardsPdsc:90 - Found 5 items
2023-10-27 14:50:27,273 [WARN] DbBoardsPdsc:254 - Board STM32H7B3I-DK: unknown feature type=Audio, name=, username=Audio stereo codec with Headphone Amp (CS42L51-CNZ), n=1
2023-10-27 14:50:27,273 [WARN] DbBoardsPdsc:254 - Board STM32H735G-DK: unknown feature type=Audio, name=, username=Audio stereo codec with Headphone Amp (WM8994ECS/R), n=1
2023-10-27 14:50:27,273 [WARN] DbBoardsPdsc:254 - Board STM32H7B3I-EVAL: unknown feature type=Audio, name=, username=Multi-Channel Audio Codec (CS42L51-CNZ), n=1
2023-10-27 14:50:27,273 [WARN] DbBoardsPdsc:254 - Board STM32H7B3I-EVAL: unknown feature type=Meter, name=, username=Power-metering and Temperature-monitoring with sigma-delta modulators, n=1
2023-10-27 14:50:27,273 [WARN] DbBoardsPdsc:254 - Board STM32H7B3I-EVAL: unknown feature type=Motor, name=, username=Motor Control, n=1
2023-10-27 14:50:27,273 [WARN] DbBoardsPdsc:254 - Board STM32U575I-EV: unknown feature type=joystick, name=, username=4-direction joystick with selection button, n=1
2023-10-27 14:50:27,293 [INFO] DbBoardsJson:86 - JSON generation date=Tue Nov 16 23:17:54 ICT 2021 (1637079474)
2023-10-27 14:50:27,300 [INFO] DbBoards:117 - Found 167 boards (163 are supported by CubeMX)
2023-10-27 14:50:27,300 [WARN] DbBoards:127 - board B-L475E-IOT01A2 has no document id list !
2023-10-27 14:50:27,300 [WARN] DbBoards:127 - board NUCLEO-H743ZI has no document id list !
2023-10-27 14:50:27,300 [WARN] DbBoards:127 - board NUCLEO-WL55JC2 has no document id list !
2023-10-27 14:50:27,300 [WARN] DbBoards:127 - board P-NUCLEO-WB55-Nucleo has no document id list !
2023-10-27 14:50:27,300 [WARN] DbBoards:127 - board P-NUCLEO-WB55-USBDongle has no document id list !
2023-10-27 14:50:27,300 [WARN] DbBoards:127 - board STEVAL-BFA001V1B has no document id list !
2023-10-27 14:50:27,300 [WARN] DbBoards:127 - board STEVAL-BFA001V2B has no document id list !
2023-10-27 14:50:27,300 [WARN] DbBoards:127 - board STEVAL-IDP005V1 has no document id list !
2023-10-27 14:50:27,300 [WARN] DbBoards:127 - board STEVAL-IDP005V2 has no document id list !
2023-10-27 14:50:27,300 [WARN] DbBoards:127 - board STEVAL-MKSBOX1V1 has no document id list !
2023-10-27 14:50:27,300 [WARN] DbBoards:127 - board STEVAL-STWINKT1 has no document id list !
2023-10-27 14:50:27,300 [WARN] DbBoards:127 - board STEVAL-STWINKT1B has no document id list !
2023-10-27 14:50:27,300 [WARN] DbBoards:127 - board STM32439I-EVAL2 has no document id list !
2023-10-27 14:50:27,300 [WARN] DbBoards:127 - board STM32F401C-DISCO has no document id list !
2023-10-27 14:50:27,300 [WARN] DbBoards:127 - board STM32F769I-DISC1 has no document id list !
2023-10-27 14:50:27,300 [WARN] DbBoards:127 - board STM32G474E-EVAL1 has no document id list !
2023-10-27 14:50:27,300 [WARN] DbBoards:127 - board STM32H743I-EVAL2 has no document id list !
2023-10-27 14:50:27,300 [WARN] DbBoards:127 - board STM32H747I-DISC1 has no document id list !
2023-10-27 14:50:27,300 [WARN] DbBoards:127 - board STM32H753I-EVAL2 has no document id list !
2023-10-27 14:50:27,300 [WARN] DbBoards:127 - board STM32L-DISCOVERY has no document id list !
2023-10-27 14:50:27,378 [ERROR] DbBoards:189 - Image file not found for board B-U585I-IOT02A: C:\ST\STM32CubeIDE_1.7.0\STM32CubeIDE\plugins\com.st.stm32cube.common.mx_6.3.0.202107141111\\db\/plugins/mcufinder/images/boards/B-U585I-IOT02A_small.jpg
2023-10-27 14:50:27,488 [ERROR] DbBoards:189 - Image file not found for board NUCLEO-F413ZH: C:\ST\STM32CubeIDE_1.7.0\STM32CubeIDE\plugins\com.st.stm32cube.common.mx_6.3.0.202107141111\\db\/plugins/mcufinder/images/boards/nucleo-f413zh_small.jpg
2023-10-27 14:50:27,668 [ERROR] DbBoards:189 - Image file not found for board NUCLEO-L552ZE-Q: C:\ST\STM32CubeIDE_1.7.0\STM32CubeIDE\plugins\com.st.stm32cube.common.mx_6.3.0.202107141111\\db\/plugins/mcufinder/images/boards/nucleo_l552ze_q_small.jpg
2023-10-27 14:50:27,668 [ERROR] DbBoards:189 - Image file not found for board NUCLEO-U575ZI-Q: C:\ST\STM32CubeIDE_1.7.0\STM32CubeIDE\plugins\com.st.stm32cube.common.mx_6.3.0.202107141111\\db\/plugins/mcufinder/images/boards/nucleo-u575zi-q_small.jpg
2023-10-27 14:50:27,668 [ERROR] DbBoards:189 - Image file not found for board NUCLEO-WB15CC: C:\ST\STM32CubeIDE_1.7.0\STM32CubeIDE\plugins\com.st.stm32cube.common.mx_6.3.0.202107141111\\db\/plugins/mcufinder/images/boards/nucleo-wb15cc_small.jpg
2023-10-27 14:50:27,668 [ERROR] DbBoards:189 - Image file not found for board NUCLEO-WB55RG: C:\ST\STM32CubeIDE_1.7.0\STM32CubeIDE\plugins\com.st.stm32cube.common.mx_6.3.0.202107141111\\db\/plugins/mcufinder/images/boards/nucleo-wb55rg_small.jpg
2023-10-27 14:50:28,418 [INFO] ApiDb:251 - Load user favorites file C:\Users\ASUS/.stm32cubeide/favorites.boards.txt: 0 item(s)
2023-10-27 14:50:28,418 [INFO] ApiDb:255 - User favorites Boards=[]
2023-10-27 14:50:28,418 [INFO] DbBoards:206 - Set 0 / 0 favorites Boards
2023-10-27 14:50:28,428 [INFO] LoadUrlFilesThread:172 - End of LoadServerUrlFiles without Thread
2023-10-27 14:50:28,428 [INFO] TargetSelectorAdapter:224 - Refresh data is successful
2023-10-27 14:50:28,520 [INFO] ApiDb:479 - Connected to CubeFinder SQLite database (C:\Users\ASUS\.stmcufinder\plugins\mcufinder\mcu\cube-finder-db.db)
2023-10-27 14:50:29,361 [ERROR] DbExamplesSqlite:446 - Missing JSON key: board_cpn
2023-10-27 14:50:29,361 [ERROR] DbExamplesSqlite:446 - Missing JSON key: board_cpn
2023-10-27 14:50:29,361 [ERROR] DbExamplesSqlite:446 - Missing JSON key: board_cpn
2023-10-27 14:50:29,361 [ERROR] DbExamplesSqlite:446 - Missing JSON key: board_cpn
2023-10-27 14:50:29,368 [INFO] DbExamplesSqlite:411 - Ignored 27 examples not supported by CubeIDE
2023-10-27 14:50:29,368 [INFO] DbExamplesSqlite:412 - Found 7221 examples active
2023-10-27 14:50:29,368 [INFO] DbExamplesSqlite:413 - Found 777 examples obsolete
2023-10-27 14:50:29,368 [INFO] DbExamplesSqlite:414 - Found 0 examples under development
2023-10-27 14:50:29,368 [INFO] DbExamplesSqlite:415 - Found 74 examples not building
2023-10-27 14:50:29,441 [INFO] DbExamplesSqlite:108 - CubeFinder database Data Model version=2.1
2023-10-27 14:50:29,441 [INFO] DbExamplesSqlite:109 - CubeFinder database Configuration version=3.0.37
2023-10-27 14:50:29,441 [INFO] DbExamplesSqlite:110 - CubeFinder database generation date=2023-10-13 (1697197505)
2023-10-27 14:50:29,441 [INFO] DbExamplesSqlite:111 - CubeFinder database FW Pack versions=[FP-ATR-ASTRA1_V2.0.0, FP-SNS-FLIGHT1_V5.0.1, FP-SNS-FLIGHT1_V5.0.2, FP-SNS-MOTENV1_V4.3.1, FP-SNS-MOTENV1_V4.3.2, FP-SNS-SMARTAG2_V1.2.0, I-CUBE-ITTIADB_V8.6.3-1, STM32Cube_FW_C0_V1.1.0, STM32Cube_FW_F4_V1.27.1, STM32Cube_FW_F7_V1.17.0, STM32Cube_FW_G0_V1.6.1, STM32Cube_FW_G4_V1.5.1, STM32Cube_FW_H5_V0.5.1, STM32Cube_FW_H5_V1.1.1, STM32Cube_FW_H7_V1.11.0, STM32Cube_FW_L0_V1.12.2, STM32Cube_FW_L5_V1.5.0, STM32Cube_FW_U5_V1.3.0, STM32Cube_FW_U5_V1.3.0RC4, STM32Cube_FW_WBA_V1.0.0RC1, STM32Cube_FW_WBA_V1.1.0RC1, STM32Cube_FW_WBA_V1.1.1, STM32Cube_FW_WB_V1.15.0RC1, STM32Cube_FW_WB_V1.16.0, STM32Cube_FW_WB_V1.16.0RC2, STM32Cube_FW_WB_V1.17.3, STM32Cube_FW_WL_V1.3.0, X-CUBE-ALGOBUILD_V1.3.0, X-CUBE-ALS_V1.0.1, X-CUBE-AZRTOS-F4_V1.1.0, X-CUBE-AZRTOS-F7_V1.1.0, X-CUBE-AZRTOS-G0_V1.1.0, X-CUBE-AZRTOS-G4_V2.0.0, X-CUBE-AZRTOS-H7_V3.1.0, X-CUBE-AZRTOS-L4_V1.0.0, X-CUBE-AZRTOS-L4_V2.0.0, X-CUBE-AZRTOS-L5_V1.1.0, X-CUBE-AZRTOS-WB_V2.0.0, X-CUBE-AZRTOS-WL_V2.0.0, X-CUBE-BLE1_V7.0.0, X-CUBE-BLE2_V3.3.0, X-CUBE-BLEMGR_V2.0.0, X-CUBE-EEPRMA1_V4.1.0, X-CUBE-FREERTOS_V1.1.0, X-CUBE-GNSS1_V6.0.0, X-CUBE-MEMS1_V10.0.0, X-CUBE-MEMS1_V9.1.0, X-CUBE-MEMS1_V9.4.0, X-CUBE-MEMS1_V9.6.0, X-CUBE-NFC4_V3.0.0, X-CUBE-NFC7_V1.0.1, X-CUBE-SFXS2LP1_V4.0.0, X-CUBE-SUBG2_V5.0.0, X-CUBE-TOF1_V3.3.1]
2023-10-27 14:50:29,441 [INFO] DbExamples:130 - Found 7268 examples
2023-10-27 14:50:30,138 [ERROR] DbExamples:206 - Found 7268 examples with invalid data (board or MCU)
2023-10-27 14:50:30,138 [INFO] DbExamples:222 - Found 79 boards with related examples
2023-10-27 14:50:30,138 [INFO] DbExamples:235 - Found 0 MCUs with related examples
2023-10-27 14:50:30,158 [INFO] ApiDb:242 - User favorites file not found: C:\Users\ASUS/.stm32cubeide/favorites.examples.txt
2023-10-27 14:50:30,158 [INFO] DbExamples:256 - Set 0 / 0 favorites Examples
2023-10-27 14:50:30,398 [INFO] McuFinderGlobals:52 - Set McuFinderConnectedMode to false
2023-10-27 14:50:30,508 [INFO] CrossSelectorPresenter:1330 - Cross Selector saved comparison directory: C:\Users\ASUS\.stmcufinder\plugins\mcufinder\mcu\cs_comparisons_mx
2023-10-27 14:50:30,508 [INFO] MultiScanPanel:197 - Auto-refresh data requested => check proxy status ongoing
2023-10-27 14:50:30,508 [INFO] MultiScanPanel:201 - Proxy status is invalid
2023-10-27 14:50:30,508 [INFO] FinderPluginLoader:87 - Searching for filters in installed packs
2023-10-27 14:50:30,948 [INFO] DetailPanel:309 - Set advertising image to C:/Users/ASUS/STM32Cube/Repository/\en.prom-stm32h5-mcu-finder.jpg
2023-10-27 14:53:31,839 [INFO] MainUpdater:2671 - connection check result : 10
2023-10-27 14:53:31,840 [INFO] MainUpdater:2671 - connection check result : 10
2023-10-27 14:53:31,895 [INFO] MicroXplorer:448 - Change Database Path : 
2023-10-27 14:53:31,896 [INFO] MicroXplorer:478 - Change Database Version : DB.6.0.30
2023-10-27 14:53:31,896 [WARN] ThirdParty:813 - waiting for thirdparty lock release [close project]
2023-10-27 14:53:31,896 [INFO] ThirdParty:815 - entering critical section [close project]
2023-10-27 14:53:31,897 [INFO] ThirdParty:825 - exiting critical section [close project]
2023-10-27 14:53:31,902 [INFO] PinOutPanel:1463 - setPackage(No Configuration,No Configuration)
2023-10-27 14:53:31,902 [INFO] UtilMem:74 - Begin LoadConfig() Used Memory: 757480936 Bytes (996147200)
2023-10-27 14:53:31,903 [INFO] MicroXplorer:448 - Change Database Path : 
2023-10-27 14:53:31,903 [INFO] MicroXplorer:478 - Change Database Version : DB.6.0.30
2023-10-27 14:53:31,904 [INFO] OpenFileManager:313 - Change cursor
2023-10-27 14:53:31,913 [WARN] IntegrityCheckThread:78 - waiting for thirdparty lock release [integrity check]
2023-10-27 14:53:31,913 [INFO] IntegrityCheckThread:80 - entering critical section [integrity check]
2023-10-27 14:53:32,045 [ERROR] Engine:463 - C:\Users\ASUS\.stm32cubemx\thirdparties\pdsc\STMicroelectronics.X-CUBE-SMBUS.2.1.0.pdsc: PDSC version is not supported
2023-10-27 14:53:32,074 [WARN] PackLoader:238 - Cannot read IP mode file for STMicroelectronics.X-CUBE-AZRTOS-F7.1.1.0
2023-10-27 14:53:32,085 [ERROR] Engine:463 - C:\Users\ASUS\.stm32cubemx\thirdparties\pdsc\STMicroelectronics.FP-SNS-MOTENV1.4.3.2.pdsc: PDSC version is not supported
2023-10-27 14:53:32,088 [ERROR] Engine:463 - C:\Users\ASUS\.stm32cubemx\thirdparties\pdsc\STMicroelectronics.FP-SNS-FLIGHT1.5.0.2.pdsc: PDSC version is not supported
2023-10-27 14:53:32,097 [ERROR] Engine:463 - C:\Users\ASUS\.stm32cubemx\thirdparties\pdsc\STMicroelectronics.X-CUBE-DISPLAY.3.0.0.pdsc: PDSC version is not supported
2023-10-27 14:53:32,107 [WARN] PackLoader:238 - Cannot read IP mode file for STMicroelectronics.X-CUBE-BLE1.7.0.0
2023-10-27 14:53:32,115 [ERROR] Engine:463 - C:\Users\ASUS\.stm32cubemx\thirdparties\pdsc\emotas.I-CUBE-CANOPEN.1.3.0.pdsc: PDSC version is not supported
2023-10-27 14:53:32,125 [WARN] PackLoader:238 - Cannot read IP mode file for STMicroelectronics.X-CUBE-TOUCHGFX.4.22.0
2023-10-27 14:53:32,127 [WARN] PackLoader:238 - Cannot read IP mode file for STMicroelectronics.X-CUBE-TOUCHGFX.4.22.1
2023-10-27 14:53:32,135 [ERROR] Engine:463 - C:\Users\ASUS\.stm32cubemx\thirdparties\pdsc\STMicroelectronics.FP-SNS-SMARTAG2.1.2.0.pdsc: PDSC version is not supported
2023-10-27 14:53:32,152 [INFO] LogOutputStream:76 - [STDOUT_REDIRECT] 1 : Invalid condition id : UX_CORESTACK_Condition cause : null
2023-10-27 14:53:32,154 [INFO] LogOutputStream:76 - [STDOUT_REDIRECT] 1 : Invalid condition id : UX_CORESTACK_Condition cause : null
2023-10-27 14:53:32,155 [INFO] LogOutputStream:76 - [STDOUT_REDIRECT] 1 : Invalid condition id : UX_CORESTACK_Condition cause : null
2023-10-27 14:53:32,156 [INFO] LogOutputStream:76 - [STDOUT_REDIRECT] 1 : Invalid condition id : UX_CORESTACK_Condition cause : null
2023-10-27 14:53:32,158 [INFO] LogOutputStream:76 - [STDOUT_REDIRECT] 1 : Invalid condition id : UX_CORESTACK_Condition cause : null
2023-10-27 14:53:32,161 [WARN] PackLoader:238 - Cannot read IP mode file for STMicroelectronics.X-CUBE-AZRTOS-WL.2.0.0
2023-10-27 14:53:32,173 [WARN] PackLoader:238 - Cannot read IP mode file for WES.I-CUBE-Cesium.1.3.0
2023-10-27 14:53:32,184 [WARN] PackLoader:238 - Cannot read IP mode file for STMicroelectronics.X-CUBE-BLE2.3.3.0
2023-10-27 14:53:32,195 [WARN] PackLoader:238 - Cannot read IP mode file for STMicroelectronics.X-CUBE-ALGOBUILD.1.3.0
2023-10-27 14:53:32,221 [WARN] PackLoader:238 - Cannot read IP mode file for STMicroelectronics.X-CUBE-AZRTOS-G0.1.1.0
2023-10-27 14:53:32,233 [WARN] PackLoader:238 - Cannot read IP mode file for STMicroelectronics.X-CUBE-NFC4.3.0.0
2023-10-27 14:53:32,238 [WARN] PackLoader:238 - Cannot read IP mode file for STMicroelectronics.FP-ATR-SIGFOX1.3.2.0
2023-10-27 14:53:32,271 [WARN] PackLoader:238 - Cannot read IP mode file for SEGGER.I-CUBE-embOS.1.3.1
2023-10-27 14:53:32,325 [WARN] PackLoader:238 - Cannot read IP mode file for STMicroelectronics.X-CUBE-GNSS1.6.0.0
2023-10-27 14:53:32,353 [WARN] PackLoader:238 - Cannot read IP mode file for STMicroelectronics.X-CUBE-AZRTOS-F4.1.1.0
2023-10-27 14:53:32,365 [WARN] PackLoader:238 - Cannot read IP mode file for wolfSSL.I-CUBE-wolfSSL.5.6.3
2023-10-27 14:53:32,392 [WARN] PackLoader:238 - Cannot read IP mode file for STMicroelectronics.X-CUBE-AZRTOS-L5.2.0.0
2023-10-27 14:53:32,445 [WARN] PackLoader:238 - Cannot read IP mode file for STMicroelectronics.X-CUBE-MEMS1.9.6.0
2023-10-27 14:53:32,622 [WARN] PackLoader:238 - Cannot read IP mode file for STMicroelectronics.X-CUBE-EEPRMA1.4.2.0
2023-10-27 14:53:32,625 [ERROR] Engine:463 - C:\Users\ASUS\.stm32cubemx\thirdparties\pdsc\ITTIA_DB.I-CUBE-ITTIADB.8.8.0.pdsc: PDSC version is not supported
2023-10-27 14:53:32,644 [WARN] PackLoader:238 - Cannot read IP mode file for STMicroelectronics.X-CUBE-BLEMGR.2.0.0
2023-10-27 14:53:32,671 [WARN] ConditionMgr:437 - getConditionDescription Invalid condition id : UX DEVICE CLASS RTOS Condition cause : null
2023-10-27 14:53:32,672 [WARN] ConditionMgr:437 - getConditionDescription Invalid condition id : UX DEVICE CLASS RTOS Condition cause : null
2023-10-27 14:53:32,674 [WARN] PackLoader:238 - Cannot read IP mode file for STMicroelectronics.X-CUBE-AZRTOS-H7.3.1.0
2023-10-27 14:53:32,676 [WARN] ConditionMgr:1038 - genDependencies : Invalid condition id : UX DEVICE CLASS RTOS Condition cause : null
2023-10-27 14:53:32,676 [WARN] ConditionMgr:1038 - genDependencies : Invalid condition id : UX DEVICE CLASS RTOS Condition cause : null
2023-10-27 14:53:32,677 [WARN] ConditionMgr:1038 - genDependencies : Invalid condition id : UX DEVICE CLASS RTOS Condition cause : null
2023-10-27 14:53:32,678 [WARN] ConditionMgr:1038 - genDependencies : Invalid condition id : UX DEVICE CLASS RTOS Condition cause : null
2023-10-27 14:53:32,678 [WARN] ConditionMgr:1038 - genDependencies : Invalid condition id : UX DEVICE CLASS RTOS Condition cause : null
2023-10-27 14:53:32,691 [WARN] PackLoader:238 - Cannot read IP mode file for STMicroelectronics.X-CUBE-NFC7.1.0.1
2023-10-27 14:53:32,703 [WARN] PackLoader:238 - Cannot read IP mode file for STMicroelectronics.X-CUBE-NFC6.3.0.0
2023-10-27 14:53:32,715 [WARN] PackLoader:238 - Cannot read IP mode file for STMicroelectronics.X-CUBE-EEPRMA1.4.1.0
2023-10-27 14:53:32,726 [WARN] PackLoader:238 - Cannot read IP mode file for STMicroelectronics.X-CUBE-AI.8.1.0
2023-10-27 14:53:32,751 [WARN] ConditionMgr:437 - getConditionDescription Invalid condition id : LAN8742 Phy interface Condition cause : null
2023-10-27 14:53:32,752 [WARN] PackLoader:238 - Cannot read IP mode file for STMicroelectronics.X-CUBE-AZRTOS-L4.2.0.0
2023-10-27 14:53:32,753 [WARN] ConditionMgr:1038 - genDependencies : Invalid condition id : LAN8742 Phy interface Condition cause : null
2023-10-27 14:53:32,753 [WARN] ConditionMgr:1038 - genDependencies : Invalid condition id : LAN8742 Phy interface Condition cause : null
2023-10-27 14:53:32,753 [WARN] ConditionMgr:1038 - genDependencies : Invalid condition id : LAN8742 Phy interface Condition cause : null
2023-10-27 14:53:32,766 [WARN] PackLoader:238 - Cannot read IP mode file for STMicroelectronics.X-CUBE-SFXS2LP1.4.0.0
2023-10-27 14:53:32,777 [WARN] PackLoader:238 - Cannot read IP mode file for STMicroelectronics.X-CUBE-ISPU.1.1.0
2023-10-27 14:53:32,803 [WARN] ConditionMgr:437 - getConditionDescription Invalid condition id : UX DEVICE CLASS RTOS Condition cause : null
2023-10-27 14:53:32,804 [WARN] ConditionMgr:437 - getConditionDescription Invalid condition id : UX DEVICE CLASS RTOS Condition cause : null
2023-10-27 14:53:32,805 [WARN] PackLoader:238 - Cannot read IP mode file for STMicroelectronics.X-CUBE-AZRTOS-WB.2.0.0
2023-10-27 14:53:32,806 [WARN] ConditionMgr:1038 - genDependencies : Invalid condition id : UX DEVICE CLASS RTOS Condition cause : null
2023-10-27 14:53:32,806 [WARN] ConditionMgr:1038 - genDependencies : Invalid condition id : UX DEVICE CLASS RTOS Condition cause : null
2023-10-27 14:53:32,806 [WARN] ConditionMgr:1038 - genDependencies : Invalid condition id : UX DEVICE CLASS RTOS Condition cause : null
2023-10-27 14:53:32,806 [WARN] ConditionMgr:1038 - genDependencies : Invalid condition id : UX DEVICE CLASS RTOS Condition cause : null
2023-10-27 14:53:32,806 [WARN] ConditionMgr:1038 - genDependencies : Invalid condition id : UX DEVICE CLASS RTOS Condition cause : null
2023-10-27 14:53:32,823 [WARN] PackLoader:238 - Cannot read IP mode file for STMicroelectronics.X-CUBE-SUBG2.5.0.0
2023-10-27 14:53:32,841 [ERROR] Engine:463 - C:\Users\ASUS\.stm32cubemx\thirdparties\pdsc\STMicroelectronics.X-CUBE-TOF1.3.3.1.pdsc: PDSC version is not supported
2023-10-27 14:53:32,858 [WARN] PackLoader:238 - Cannot read IP mode file for STMicroelectronics.X-CUBE-AZRTOS-G4.2.0.0
2023-10-27 14:53:32,869 [ERROR] Engine:463 - C:\Users\ASUS\.stm32cubemx\thirdparties\pdsc\Infineon.AIROC-Wi-Fi-Bluetooth-STM32.1.5.1.pdsc: PDSC version is not supported
2023-10-27 14:53:32,903 [WARN] PackLoader:238 - Cannot read IP mode file for STMicroelectronics.X-CUBE-MEMS1.10.0.0
2023-10-27 14:53:33,063 [ERROR] Engine:463 - C:\Users\ASUS\.stm32cubemx\thirdparties\pdsc\STMicroelectronics.X-CUBE-FREERTOS.1.1.0.pdsc: PDSC version is not supported
2023-10-27 14:53:33,073 [WARN] PackLoader:238 - Cannot read IP mode file for portGmbH.I-Cube-SoM-uGOAL.1.1.0
2023-10-27 14:53:33,083 [WARN] PackLoader:238 - Cannot read IP mode file for STMicroelectronics.X-CUBE-ALS.1.0.1
2023-10-27 14:53:33,087 [WARN] PackLoader:238 - Cannot read IP mode file for STMicroelectronics.FP-ATR-ASTRA1.2.0.0
2023-10-27 14:53:33,087 [INFO] ThirdParty:915 - Integrity check success = true
2023-10-27 14:53:33,087 [INFO] IntegrityCheckThread:94 - exiting critical section [integrity check]
2023-10-27 14:53:33,087 [INFO] IntegrityCheckThread:97 - End integrity checks thread
2023-10-27 14:53:33,888 [INFO] Context:592 - Trying to add GPIOservice into a context  which must be forbidden
2023-10-27 14:53:34,075 [INFO] ImportTextPane:167 - (OptionalMessage_ERROR) Unable to find key (Mcu.ThirdPartyNb) in loaded IOC file
2023-10-27 14:53:34,075 [INFO] ImportTextPane:167 - (OptionalMessage_ERROR) Unable to find key (Mcu.PinsNb) in loaded IOC file
2023-10-27 14:53:34,075 [INFO] ImportTextPane:167 - (OptionalMessage_ERROR) Unable to find key (Mcu.IPNb) in loaded IOC file
2023-10-27 14:53:34,108 [WARN] ApiManager:304 - Cannot register API 'Board Extension:GNSS1A1' from pack STMicroelectronics.X-CUBE-GNSS1.6.0.0: no header file found
2023-10-27 14:53:34,108 [WARN] ApiManager:304 - Cannot register API 'Board Support:Custom' from pack STMicroelectronics.X-CUBE-GNSS1.6.0.0: no header file found
2023-10-27 14:53:34,108 [WARN] ApiManager:304 - Cannot register API 'Data Exchange:lib_gnss' from pack STMicroelectronics.X-CUBE-GNSS1.6.0.0: no header file found
2023-10-27 14:53:34,314 [WARN] ApiManager:304 - Cannot register API 'Board Extension:IKS01A3' from pack STMicroelectronics.X-CUBE-MEMS1.9.6.0: no header file found
2023-10-27 14:53:34,314 [WARN] ApiManager:304 - Cannot register API 'Board Extension:IKS01A2' from pack STMicroelectronics.X-CUBE-MEMS1.9.6.0: no header file found
2023-10-27 14:53:34,314 [WARN] ApiManager:304 - Cannot register API 'Board Extension:IKS02A1' from pack STMicroelectronics.X-CUBE-MEMS1.9.6.0: no header file found
2023-10-27 14:53:34,320 [WARN] ApiManager:304 - Cannot register API 'Board Extension:EEPRMA2' from pack STMicroelectronics.X-CUBE-EEPRMA1.4.2.0: no header file found
2023-10-27 14:53:34,320 [WARN] ApiManager:304 - Cannot register API 'Board Extension:PGEEZ1' from pack STMicroelectronics.X-CUBE-EEPRMA1.4.2.0: no header file found
2023-10-27 14:53:34,320 [WARN] ApiManager:304 - Cannot register API 'Board Part:M24' from pack STMicroelectronics.X-CUBE-EEPRMA1.4.2.0: no header file found
2023-10-27 14:53:34,320 [WARN] ApiManager:304 - Cannot register API 'Board Part:M95' from pack STMicroelectronics.X-CUBE-EEPRMA1.4.2.0: no header file found
2023-10-27 14:53:34,320 [WARN] ApiManager:304 - Cannot register API 'Board Part:M95P32' from pack STMicroelectronics.X-CUBE-EEPRMA1.4.2.0: no header file found
2023-10-27 14:53:34,320 [WARN] ApiManager:304 - Cannot register API 'PGEEZ1:SPI' from pack STMicroelectronics.X-CUBE-EEPRMA1.4.2.0: no header file found
2023-10-27 14:53:34,320 [WARN] ApiManager:304 - Cannot register API 'PGEEZ1:QDSPI' from pack STMicroelectronics.X-CUBE-EEPRMA1.4.2.0: no header file found
2023-10-27 14:53:34,322 [INFO] RtosManager:484 - Registered RTOS mode: class=CMSIS, group=RTOS, mode=CMSIS_V1, owner=FREERTOS
2023-10-27 14:53:34,322 [INFO] RtosManager:484 - Registered RTOS mode: class=CMSIS, group=RTOS2, mode=CMSIS_V2, owner=FREERTOS
2023-10-27 14:53:34,322 [INFO] RtosManager:484 - Registered RTOS mode: class=RTOS, group=Core, mode=CMSIS_V1, owner=FREERTOS
2023-10-27 14:53:34,322 [INFO] RtosManager:484 - Registered RTOS mode: class=RTOS, group=Core, mode=CMSIS_V2, owner=FREERTOS
2023-10-27 14:53:34,322 [WARN] ModelIntegratedComponent:181 - Missing modes for component STMicroelectronics:FreeRTOS:0.0.1:STMicroelectronics:RTOS:FreeRTOS:Core:::10.2.0:
2023-10-27 14:53:34,324 [WARN] ApiManager:304 - Cannot register API 'Board Extension:NFC04A1' from pack STMicroelectronics.X-CUBE-NFC4.3.0.0: no header file found
2023-10-27 14:53:34,326 [WARN] ApiManager:304 - Cannot register API 'Board Extension:S2868A1' from pack STMicroelectronics.X-CUBE-SUBG2.5.0.0: no header file found
2023-10-27 14:53:34,326 [WARN] ApiManager:304 - Cannot register API 'Board Extension:S2868A2' from pack STMicroelectronics.X-CUBE-SUBG2.5.0.0: no header file found
2023-10-27 14:53:34,326 [WARN] ApiManager:304 - Cannot register API 'Board Extension:S2915A1' from pack STMicroelectronics.X-CUBE-SUBG2.5.0.0: no header file found
2023-10-27 14:53:34,329 [WARN] ApiManager:304 - Cannot register API 'Wireless:BlueNRG-MS' from pack STMicroelectronics.X-CUBE-BLE1.7.0.0: no header file found
2023-10-27 14:53:34,331 [WARN] ModelIntegratedComponent:60 - No mode defined for component null
2023-10-27 14:53:34,331 [WARN] ModelIntegratedComponent:60 - No mode defined for component null
2023-10-27 14:53:34,331 [WARN] ModelIntegratedComponent:60 - No mode defined for component null
2023-10-27 14:53:34,331 [WARN] ModelIntegratedComponent:60 - No mode defined for component null
2023-10-27 14:53:34,331 [WARN] ModelIntegratedComponent:60 - No mode defined for component null
2023-10-27 14:53:34,331 [WARN] ModelIntegratedComponent:60 - No mode defined for component null
2023-10-27 14:53:34,331 [WARN] ModelIntegratedComponent:60 - No mode defined for component null
2023-10-27 14:53:34,331 [WARN] ModelIntegratedComponent:60 - No mode defined for component null
2023-10-27 14:53:34,331 [WARN] ModelIntegratedComponent:60 - No mode defined for component null
2023-10-27 14:53:34,332 [WARN] ModelIntegratedComponent:60 - No mode defined for component null
2023-10-27 14:53:34,332 [WARN] ModelIntegratedComponent:60 - No mode defined for component null
2023-10-27 14:53:34,332 [WARN] ModelIntegratedComponent:60 - No mode defined for component null
2023-10-27 14:53:34,332 [WARN] ModelIntegratedComponent:60 - No mode defined for component null
2023-10-27 14:53:34,332 [WARN] ModelIntegratedComponent:60 - No mode defined for component null
2023-10-27 14:53:34,332 [WARN] ModelIntegratedComponent:60 - No mode defined for component null
2023-10-27 14:53:34,332 [WARN] ModelIntegratedComponent:60 - No mode defined for component null
2023-10-27 14:53:34,332 [WARN] ModelIntegratedComponent:60 - No mode defined for component null
2023-10-27 14:53:34,332 [WARN] ModelIntegratedComponent:60 - No mode defined for component null
2023-10-27 14:53:34,332 [WARN] ModelIntegratedComponent:60 - No mode defined for component null
2023-10-27 14:53:34,332 [WARN] ModelIntegratedComponent:60 - No mode defined for component null
2023-10-27 14:53:34,332 [WARN] ModelIntegratedComponent:60 - No mode defined for component null
2023-10-27 14:53:34,332 [WARN] ModelIntegratedComponent:60 - No mode defined for component null
2023-10-27 14:53:34,332 [WARN] ModelIntegratedComponent:60 - No mode defined for component null
2023-10-27 14:53:34,333 [WARN] ModelIntegratedComponent:60 - No mode defined for component null
2023-10-27 14:53:34,333 [WARN] ModelIntegratedComponent:60 - No mode defined for component null
2023-10-27 14:53:34,333 [WARN] ModelIntegratedComponent:60 - No mode defined for component null
2023-10-27 14:53:34,333 [WARN] ModelIntegratedComponent:60 - No mode defined for component null
2023-10-27 14:53:34,333 [WARN] ModelIntegratedComponent:60 - No mode defined for component null
2023-10-27 14:53:34,333 [WARN] ModelIntegratedComponent:60 - No mode defined for component null
2023-10-27 14:53:34,333 [WARN] ModelIntegratedComponent:60 - No mode defined for component null
2023-10-27 14:53:34,333 [WARN] ModelIntegratedComponent:60 - No mode defined for component null
2023-10-27 14:53:34,499 [WARN] ApiManager:304 - Cannot register API 'Board Extension:IKS01A3' from pack STMicroelectronics.X-CUBE-MEMS1.10.0.0: no header file found
2023-10-27 14:53:34,499 [WARN] ApiManager:304 - Cannot register API 'Board Extension:IKS02A1' from pack STMicroelectronics.X-CUBE-MEMS1.10.0.0: no header file found
2023-10-27 14:53:34,499 [WARN] ApiManager:304 - Cannot register API 'Board Extension:IKS4A1' from pack STMicroelectronics.X-CUBE-MEMS1.10.0.0: no header file found
2023-10-27 14:53:34,504 [WARN] ApiManager:304 - Cannot register API 'Board Extension:NFC07A1' from pack STMicroelectronics.X-CUBE-NFC7.1.0.1: no header file found
2023-10-27 14:53:34,505 [WARN] ApiManager:304 - Cannot register API 'Board Extension:NFC06A1' from pack STMicroelectronics.X-CUBE-NFC6.3.0.0: no header file found
2023-10-27 14:53:34,505 [WARN] ApiManager:304 - Cannot register API 'Board Extension:NFC08A1' from pack STMicroelectronics.X-CUBE-NFC6.3.0.0: no header file found
2023-10-27 14:53:34,505 [WARN] ApiManager:304 - Cannot register API 'Board Extension:EEPRMA1' from pack STMicroelectronics.X-CUBE-EEPRMA1.4.1.0: no header file found
2023-10-27 14:53:34,505 [WARN] ApiManager:304 - Cannot register API 'Board Extension:EEPRMA2' from pack STMicroelectronics.X-CUBE-EEPRMA1.4.1.0: no header file found
2023-10-27 14:53:34,506 [WARN] ApiManager:304 - Cannot register API 'Board Extension:PGEEZ1' from pack STMicroelectronics.X-CUBE-EEPRMA1.4.1.0: no header file found
2023-10-27 14:53:34,506 [WARN] ApiManager:304 - Cannot register API 'Board Part:M24' from pack STMicroelectronics.X-CUBE-EEPRMA1.4.1.0: no header file found
2023-10-27 14:53:34,506 [WARN] ApiManager:304 - Cannot register API 'Board Part:M95' from pack STMicroelectronics.X-CUBE-EEPRMA1.4.1.0: no header file found
2023-10-27 14:53:34,506 [WARN] ApiManager:304 - Cannot register API 'Board Part:M95P32' from pack STMicroelectronics.X-CUBE-EEPRMA1.4.1.0: no header file found
2023-10-27 14:53:34,506 [WARN] ApiManager:304 - Cannot register API 'PGEEZ1:SPI' from pack STMicroelectronics.X-CUBE-EEPRMA1.4.1.0: no header file found
2023-10-27 14:53:34,506 [WARN] ApiManager:304 - Cannot register API 'PGEEZ1:QDSPI' from pack STMicroelectronics.X-CUBE-EEPRMA1.4.1.0: no header file found
2023-10-27 14:53:34,511 [WARN] ApiManager:304 - Cannot register API 'Board Extension:S2868A1' from pack STMicroelectronics.X-CUBE-SFXS2LP1.4.0.0: no header file found
2023-10-27 14:53:34,511 [WARN] ApiManager:304 - Cannot register API 'Board Extension:S2868A2' from pack STMicroelectronics.X-CUBE-SFXS2LP1.4.0.0: no header file found
2023-10-27 14:53:34,511 [WARN] ApiManager:304 - Cannot register API 'Board Extension:S2915A1' from pack STMicroelectronics.X-CUBE-SFXS2LP1.4.0.0: no header file found
2023-10-27 14:53:34,512 [WARN] ApiManager:304 - Cannot register API 'Wireless:BlueNRG-2' from pack STMicroelectronics.X-CUBE-BLE2.3.3.0: no header file found
2023-10-27 14:53:37,081 [INFO] UtilMem:74 - End LoadConfig() Used Memory: 839482272 Bytes (996147200)
2023-10-27 14:53:37,089 [WARN] ThirdParty:779 - waiting for thirdparty lock release [change project]
2023-10-27 14:53:37,089 [INFO] ThirdParty:781 - entering critical section [change project]
2023-10-27 14:53:37,089 [INFO] ThirdParty:967 - CMSIS Pack Vendor :STMicroelectronics X-CUBE-ISPU 1.1.0
2023-10-27 14:53:37,089 [INFO] ThirdParty:967 - CMSIS Pack Vendor :STMicroelectronics X-CUBE-GNSS1 6.0.0
2023-10-27 14:53:37,089 [INFO] ThirdParty:967 - CMSIS Pack Vendor :STMicroelectronics USB_HOST 2.0.0
2023-10-27 14:53:37,089 [INFO] ThirdParty:967 - CMSIS Pack Vendor :STMicroelectronics X-CUBE-AZRTOS-F4 1.1.0
2023-10-27 14:53:37,089 [INFO] ThirdParty:967 - CMSIS Pack Vendor :wolfSSL I-CUBE-wolfSSL 5.6.3
2023-10-27 14:53:37,089 [INFO] ThirdParty:967 - CMSIS Pack Vendor :STMicroelectronics USB_DEVICE 3.0.0
2023-10-27 14:53:37,089 [INFO] ThirdParty:967 - CMSIS Pack Vendor :STMicroelectronics X-CUBE-AZRTOS-WB 2.0.0
2023-10-27 14:53:37,089 [INFO] ThirdParty:967 - CMSIS Pack Vendor :STMicroelectronics X-CUBE-AZRTOS-F7 1.1.0
2023-10-27 14:53:37,089 [INFO] ThirdParty:967 - CMSIS Pack Vendor :STMicroelectronics X-CUBE-AZRTOS-L5 2.0.0
2023-10-27 14:53:37,090 [INFO] ThirdParty:967 - CMSIS Pack Vendor :STMicroelectronics USB_DEVICE 2.0.0
2023-10-27 14:53:37,090 [INFO] ThirdParty:967 - CMSIS Pack Vendor :STMicroelectronics X-CUBE-MEMS1 9.6.0
2023-10-27 14:53:37,090 [INFO] ThirdParty:967 - CMSIS Pack Vendor :STMicroelectronics X-CUBE-EEPRMA1 4.2.0
2023-10-27 14:53:37,090 [INFO] ThirdParty:967 - CMSIS Pack Vendor :STMicroelectronics X-CUBE-ALGOBUILD 1.3.0
2023-10-27 14:53:37,090 [INFO] ThirdParty:967 - CMSIS Pack Vendor :STMicroelectronics FreeRTOS 0.0.1
2023-10-27 14:53:37,090 [INFO] ThirdParty:967 - CMSIS Pack Vendor :STMicroelectronics X-CUBE-AZRTOS-G0 1.1.0
2023-10-27 14:53:37,090 [INFO] ThirdParty:967 - CMSIS Pack Vendor :STMicroelectronics X-CUBE-BLEMGR 2.0.0
2023-10-27 14:53:37,090 [INFO] ThirdParty:967 - CMSIS Pack Vendor :STMicroelectronics X-CUBE-NFC4 3.0.0
2023-10-27 14:53:37,090 [INFO] ThirdParty:967 - CMSIS Pack Vendor :STMicroelectronics X-CUBE-SUBG2 5.0.0
2023-10-27 14:53:37,090 [INFO] ThirdParty:967 - CMSIS Pack Vendor :STMicroelectronics lwIP 2.0.3
2023-10-27 14:53:37,090 [INFO] ThirdParty:967 - CMSIS Pack Vendor :STMicroelectronics USB_HOST 1.0.0
2023-10-27 14:53:37,090 [INFO] ThirdParty:967 - CMSIS Pack Vendor :STMicroelectronics X-CUBE-AZRTOS-G4 2.0.0
2023-10-27 14:53:37,090 [INFO] ThirdParty:967 - CMSIS Pack Vendor :STMicroelectronics PDM2PCM 3.1.0
2023-10-27 14:53:37,090 [INFO] ThirdParty:967 - CMSIS Pack Vendor :STMicroelectronics X-CUBE-AZRTOS-H7 3.1.0
2023-10-27 14:53:37,090 [INFO] ThirdParty:967 - CMSIS Pack Vendor :STMicroelectronics PDM2PCM 3.3.0
2023-10-27 14:53:37,090 [INFO] ThirdParty:967 - CMSIS Pack Vendor :STMicroelectronics X-CUBE-BLE1 7.0.0
2023-10-27 14:53:37,090 [INFO] ThirdParty:967 - CMSIS Pack Vendor :STMicroelectronics FP-ATR-SIGFOX1 3.2.0
2023-10-27 14:53:37,090 [INFO] ThirdParty:967 - CMSIS Pack Vendor :STMicroelectronics HAL Drivers 0.0.0
2023-10-27 14:53:37,091 [INFO] ThirdParty:967 - CMSIS Pack Vendor :STMicroelectronics MBEDTLS 2.16.2
2023-10-27 14:53:37,091 [INFO] ThirdParty:967 - CMSIS Pack Vendor :STMicroelectronics X-CUBE-MEMS1 10.0.0
2023-10-27 14:53:37,091 [INFO] ThirdParty:967 - CMSIS Pack Vendor :STMicroelectronics X-CUBE-TOUCHGFX 4.22.0
2023-10-27 14:53:37,091 [INFO] ThirdParty:967 - CMSIS Pack Vendor :STMicroelectronics X-CUBE-NFC7 1.0.1
2023-10-27 14:53:37,091 [INFO] ThirdParty:967 - CMSIS Pack Vendor :STMicroelectronics MBEDTLS 2.14.1
2023-10-27 14:53:37,091 [INFO] ThirdParty:967 - CMSIS Pack Vendor :STMicroelectronics X-CUBE-TOUCHGFX 4.22.1
2023-10-27 14:53:37,091 [INFO] ThirdParty:967 - CMSIS Pack Vendor :STMicroelectronics X-CUBE-NFC6 3.0.0
2023-10-27 14:53:37,091 [INFO] ThirdParty:967 - CMSIS Pack Vendor :STMicroelectronics X-CUBE-EEPRMA1 4.1.0
2023-10-27 14:53:37,091 [INFO] ThirdParty:967 - CMSIS Pack Vendor :portGmbH I-Cube-SoM-uGOAL 1.1.0
2023-10-27 14:53:37,091 [INFO] ThirdParty:967 - CMSIS Pack Vendor :STMicroelectronics X-CUBE-ALS 1.0.1
2023-10-27 14:53:37,091 [INFO] ThirdParty:967 - CMSIS Pack Vendor :STMicroelectronics X-CUBE-AZRTOS-WL 2.0.0
2023-10-27 14:53:37,091 [INFO] ThirdParty:967 - CMSIS Pack Vendor :SEGGER I-CUBE-embOS 1.3.1
2023-10-27 14:53:37,091 [INFO] ThirdParty:967 - CMSIS Pack Vendor :STMicroelectronics USB_DEVICE 1.0.0
2023-10-27 14:53:37,091 [INFO] ThirdParty:967 - CMSIS Pack Vendor :STMicroelectronics X-CUBE-AI 8.1.0
2023-10-27 14:53:37,091 [INFO] ThirdParty:967 - CMSIS Pack Vendor :STMicroelectronics X-CUBE-AZRTOS-L4 2.0.0
2023-10-27 14:53:37,091 [INFO] ThirdParty:967 - CMSIS Pack Vendor :STMicroelectronics ThreadX 0.0.2
2023-10-27 14:53:37,091 [INFO] ThirdParty:967 - CMSIS Pack Vendor :WES I-CUBE-Cesium 1.3.0
2023-10-27 14:53:37,091 [INFO] ThirdParty:967 - CMSIS Pack Vendor :STMicroelectronics FP-ATR-ASTRA1 2.0.0
2023-10-27 14:53:37,092 [INFO] ThirdParty:967 - CMSIS Pack Vendor :STMicroelectronics lwIP 2.1.2
2023-10-27 14:53:37,092 [INFO] ThirdParty:967 - CMSIS Pack Vendor :STMicroelectronics X-CUBE-SFXS2LP1 4.0.0
2023-10-27 14:53:37,092 [INFO] ThirdParty:967 - CMSIS Pack Vendor :STMicroelectronics X-CUBE-BLE2 3.3.0
2023-10-27 14:53:37,092 [INFO] ThirdParty:967 - CMSIS Pack Vendor :STMicroelectronics PDM2PCM 3.2.0
2023-10-27 14:53:37,092 [INFO] ThirdParty:787 - exiting critical section [change project]
2023-10-27 14:53:37,284 [INFO] PinOutPanel:1463 - setPackage(No Configuration,No Configuration)
2023-10-27 14:53:37,285 [INFO] PinOutPanel:1463 - setPackage(STM32F103C6Ux,UFQFPN48)
2023-10-27 14:53:37,641 [INFO] UtilMem:74 - Before build in PCC Used Memory: 784352944 Bytes (996147200)
2023-10-27 14:53:38,151 [INFO] UtilMem:74 - After build in PCC Used Memory: 863518384 Bytes (996147200)
2023-10-27 14:53:38,166 [INFO] IPUIPlugin:74 - create IPUIPlugin
2023-10-27 14:53:38,168 [INFO] IPUIPlugin:74 - create IPUIPlugin
2023-10-27 14:53:38,168 [INFO] IPUIPlugin:74 - create IPUIPlugin
2023-10-27 14:53:38,168 [INFO] IPUIPlugin:74 - create IPUIPlugin
2023-10-27 14:53:38,168 [INFO] IPUIPlugin:74 - create IPUIPlugin
2023-10-27 14:53:38,168 [INFO] IPUIPlugin:74 - create IPUIPlugin
2023-10-27 14:53:38,168 [INFO] IPUIPlugin:74 - create IPUIPlugin
2023-10-27 14:53:38,168 [INFO] IPUIPlugin:74 - create IPUIPlugin
2023-10-27 14:53:38,168 [INFO] IPUIPlugin:74 - create IPUIPlugin
2023-10-27 14:53:38,169 [INFO] IPUIPlugin:74 - create IPUIPlugin
2023-10-27 14:53:38,169 [INFO] IPUIPlugin:74 - create IPUIPlugin
2023-10-27 14:53:38,169 [INFO] IPUIPlugin:74 - create IPUIPlugin
2023-10-27 14:53:38,169 [INFO] IPUIPlugin:74 - create IPUIPlugin
2023-10-27 14:53:38,170 [INFO] IPUIPlugin:74 - create IPUIPlugin
2023-10-27 14:53:38,170 [INFO] IPUIPlugin:74 - create IPUIPlugin
2023-10-27 14:53:38,170 [INFO] IPUIPlugin:74 - create IPUIPlugin
2023-10-27 14:53:38,170 [INFO] IPUIPlugin:74 - create IPUIPlugin
2023-10-27 14:53:38,170 [INFO] IPUIPlugin:74 - create IPUIPlugin
2023-10-27 14:53:38,171 [INFO] IPUIPlugin:74 - create IPUIPlugin
2023-10-27 14:53:38,171 [INFO] IPUIPlugin:74 - create IPUIPlugin
2023-10-27 14:53:38,171 [INFO] IPUIPlugin:74 - create IPUIPlugin
2023-10-27 14:53:38,172 [INFO] IPUIPlugin:74 - create IPUIPlugin
2023-10-27 14:53:38,172 [INFO] IPUIPlugin:74 - create IPUIPlugin
2023-10-27 14:53:38,278 [INFO] OpenFileManager:333 - Restore cursor
2023-10-27 14:53:38,530 [INFO] UtilMem:74 - End SaveConfig() Used Memory: 789251976 Bytes (996147200)
2023-10-27 14:53:38,563 [INFO] UtilMem:74 - End SaveConfig() Used Memory: 801834888 Bytes (996147200)
2023-10-27 14:53:38,870 [INFO] BlockDiagram:2740 - set Specific Code input for plugin: NVIC
2023-10-27 14:53:38,870 [INFO] BlockDiagram:2740 - set Specific Code input for plugin: SYS
2023-10-27 14:53:38,870 [INFO] BlockDiagram:2740 - set Specific Code input for plugin: RCC
2023-10-27 14:53:38,871 [INFO] CodeGenerator:663 - code generatio: config db path: C:\ST\STM32CubeIDE_1.7.0\STM32CubeIDE\plugins\com.st.stm32cube.common.mx_6.3.0.202107141111\\db\
2023-10-27 14:53:39,137 [INFO] CodeEngine:239 - oldGeneratedFile, D:\VXL_VDK\LAB\LAB_2\GIT_LAB2\Lab2_Exercises\MXTmpFiles\license.tmp_save
2023-10-27 14:53:39,480 [INFO] CodeEngine:257 - Generated code: D:\VXL_VDK\LAB\LAB_2\GIT_LAB2\Lab2_Exercises\MXTmpFiles\license.tmp
2023-10-27 14:53:39,582 [INFO] CodeEngine:239 - oldGeneratedFile, D:\VXL_VDK\LAB\LAB_2\GIT_LAB2\Lab2_Exercises\Core\Src\stm32f1xx_it.c_save
2023-10-27 14:53:39,679 [INFO] CodeEngine:257 - Generated code: D:\VXL_VDK\LAB\LAB_2\GIT_LAB2\Lab2_Exercises\Core\Src\stm32f1xx_it.c
2023-10-27 14:53:39,688 [INFO] CodeEngine:239 - oldGeneratedFile, D:\VXL_VDK\LAB\LAB_2\GIT_LAB2\Lab2_Exercises\Core\Inc\stm32f1xx_it.h_save
2023-10-27 14:53:39,742 [INFO] CodeEngine:257 - Generated code: D:\VXL_VDK\LAB\LAB_2\GIT_LAB2\Lab2_Exercises\Core\Inc\stm32f1xx_it.h
2023-10-27 14:53:39,756 [INFO] CodeEngine:239 - oldGeneratedFile, D:\VXL_VDK\LAB\LAB_2\GIT_LAB2\Lab2_Exercises\Core\Src\stm32f1xx_hal_msp.c_save
2023-10-27 14:53:39,853 [INFO] CodeEngine:257 - Generated code: D:\VXL_VDK\LAB\LAB_2\GIT_LAB2\Lab2_Exercises\Core\Src\stm32f1xx_hal_msp.c
2023-10-27 14:53:39,861 [INFO] CodeEngine:239 - oldGeneratedFile, D:\VXL_VDK\LAB\LAB_2\GIT_LAB2\Lab2_Exercises\MXTmpFiles\system.tmp_save
2023-10-27 14:53:39,905 [INFO] CodeEngine:257 - Generated code: D:\VXL_VDK\LAB\LAB_2\GIT_LAB2\Lab2_Exercises\MXTmpFiles\system.tmp
2023-10-27 14:53:39,916 [INFO] CodeEngine:239 - oldGeneratedFile, D:\VXL_VDK\LAB\LAB_2\GIT_LAB2\Lab2_Exercises\Core\Inc\stm32f1xx_hal_conf.h_save
2023-10-27 14:53:39,983 [INFO] CodeEngine:257 - Generated code: D:\VXL_VDK\LAB\LAB_2\GIT_LAB2\Lab2_Exercises\Core\Inc\stm32f1xx_hal_conf.h
2023-10-27 14:53:40,025 [INFO] CodeEngine:239 - oldGeneratedFile, D:\VXL_VDK\LAB\LAB_2\GIT_LAB2\Lab2_Exercises\Core\Inc\main.h_save
2023-10-27 14:53:40,101 [INFO] CodeEngine:257 - Generated code: D:\VXL_VDK\LAB\LAB_2\GIT_LAB2\Lab2_Exercises\Core\Inc\main.h
2023-10-27 14:53:40,110 [INFO] CodeEngine:239 - oldGeneratedFile, D:\VXL_VDK\LAB\LAB_2\GIT_LAB2\Lab2_Exercises\Core\Src\main.c_save
2023-10-27 14:53:40,201 [INFO] CodeEngine:257 - Generated code: D:\VXL_VDK\LAB\LAB_2\GIT_LAB2\Lab2_Exercises\Core\Src\main.c
2023-10-27 14:53:41,056 [INFO] ProjectBuilder:2578 - Time for Copy HAL[1] : 155mS.
2023-10-27 14:53:41,060 [INFO] ProjectBuilder:3622 - Project Generator version: 3.14.1
2023-10-27 14:53:41,463 [INFO] ConfigFileManager:1271 - The Die is : DIE412
2023-10-27 14:53:41,483 [INFO] ApiDbMcu:468 - Load IP Config File for FATFS
2023-10-27 14:53:41,522 [INFO] ApiDbMcu:468 - Load IP Config File for FREERTOS
2023-10-27 14:53:41,553 [INFO] ApiDbMcu:468 - Load IP Config File for USB_DEVICE
2023-10-27 14:53:46,237 [INFO] ProjectBuilder:3789 - Time for Generating toolchain IDE Files: 5177mS.
2023-10-27 14:53:46,238 [INFO] ProjectBuilder:2457 - Time for Copy CMSIS : 0mS.
2023-10-27 14:53:46,239 [INFO] ProjectBuilder:2457 - Time for Copy CMSIS : 0mS.
2023-10-27 14:53:46,775 [INFO] McuFinderGlobals:52 - Set McuFinderConnectedMode to true
2023-10-27 14:53:46,776 [INFO] ApiDb:276 - Save user favorites file C:\Users\ASUS/.stm32cubeide/favorites.mcus.txt: 0 item(s)
2023-10-27 14:53:46,777 [INFO] ApiDb:280 - User favorites MCUs=[]
